2024-05-15 14:09:21,233 [INFO] action to h_go map:
 [(0, 0), (0.5, 0), (0, 0.5), (0.5, 0.5)]
2024-05-15 14:09:21,233 [INFO] Training: a dim [4, 4, 4, 4, 4, 4, 4, 4], agent dim: 8
2024-05-15 14:12:42,375 [INFO] Training: global step 10000, episode step 100,
                                   ob: [array([ 0.11505201, -0.34515603, -0.86960432, -0.09252854, -0.36332214,
        0.24329927, -0.38474177, -0.44499089,  0.03579424, -0.40497719]), array([ 0.24329927, -0.38474177, -0.44499089,  0.03579424, -0.40497719,
        0.11505201, -0.34515603, -0.86960432, -0.09252854, -0.36332214,
        0.35028058, -0.32094395, -0.10938378,  0.14438934, -0.40261756]), array([ 0.35028058, -0.32094395, -0.10938378,  0.14438934, -0.40261756,
        0.24329927, -0.38474177, -0.44499089,  0.03579424, -0.40497719,
        0.39572571, -0.13633538,  0.73744017,  0.3291473 ,  0.78973265]), array([ 0.39572571, -0.13633538,  0.73744017,  0.3291473 ,  0.78973265,
        0.35028058, -0.32094395, -0.10938378,  0.14438934, -0.40261756,
        0.33802918,  0.17308958,  0.83702521,  0.32182828,  0.85825306]), array([ 0.33802918,  0.17308958,  0.83702521,  0.32182828,  0.85825306,
        0.39572571, -0.13633538,  0.73744017,  0.3291473 ,  0.78973265,
        0.19206893,  0.43788075,  0.76389202,  0.2320481 ,  0.        ]), array([0.19206893, 0.43788075, 0.76389202, 0.2320481 , 0.        ,
       0.33802918, 0.17308958, 0.83702521, 0.32182828, 0.85825306,
       0.10989199, 0.24653083, 0.50132964, 0.1401745 , 0.25950613]), array([0.10989199, 0.24653083, 0.50132964, 0.1401745 , 0.25950613,
       0.19206893, 0.43788075, 0.76389202, 0.2320481 , 0.        ,
       0.06008826, 0.14941118, 0.26228984, 0.07442803, 0.2516782 ]), array([0.06008826, 0.14941118, 0.26228984, 0.07442803, 0.2516782 ,
       0.10989199, 0.24653083, 0.50132964, 0.1401745 , 0.25950613])], a: [1 0 2 0 2 2 3 0], pi: [array([0.18087316, 0.24578318, 0.28938687, 0.28395674], dtype=float32), array([0.2564633 , 0.2029639 , 0.32452932, 0.21604353], dtype=float32), array([0.26888433, 0.41140354, 0.1580112 , 0.16170101], dtype=float32), array([0.19963236, 0.20300652, 0.3536152 , 0.24374597], dtype=float32), array([0.20875065, 0.27358043, 0.18960992, 0.32805905], dtype=float32), array([0.20350227, 0.22821143, 0.30428132, 0.2640049 ], dtype=float32), array([0.22650471, 0.19633757, 0.29181188, 0.28534588], dtype=float32), array([0.28911445, 0.24756706, 0.2417514 , 0.22156706], dtype=float32)], r: -246.42, train r: -246.42, done: False
2024-05-15 14:15:33,783 [INFO] Training: global step 20000, episode step 20,
                                   ob: [array([ 0.05423608, -0.16270823,  2.        ,  0.99607514, -0.17127182,
        0.01895044,  0.10585691,  0.27672117,  0.05584614,  0.        ]), array([ 0.01895044,  0.10585691,  0.27672117,  0.05584614,  0.        ,
        0.05423608, -0.16270823,  2.        ,  0.99607514, -0.17127182,
        0.00294269,  0.04802323,  0.04588429,  0.00990881,  0.04019377]), array([0.00294269, 0.04802323, 0.04588429, 0.00990881, 0.04019377,
       0.01895044, 0.10585691, 0.27672117, 0.05584614, 0.        ,
       0.00035874, 0.00775187, 0.00278393, 0.00080816, 0.00825984]), array([3.58737259e-04, 7.75187279e-03, 2.78392772e-03, 8.08157271e-04,
       8.25983932e-03, 2.94269486e-03, 4.80232313e-02, 4.58842890e-02,
       9.90880827e-03, 4.01937747e-02, 1.27209746e-05, 1.03804885e-03,
       3.08017917e-04, 8.10476134e-05, 1.85965907e-04]), array([1.27209746e-05, 1.03804885e-03, 3.08017917e-04, 8.10476134e-05,
       1.85965907e-04, 3.58737259e-04, 7.75187279e-03, 2.78392772e-03,
       8.08157271e-04, 8.25983932e-03, 9.39275468e-07, 3.53450974e-05,
       1.38851806e-05, 3.54199357e-06, 9.50122202e-06]), array([9.39275468e-07, 3.53450974e-05, 1.38851806e-05, 3.54199357e-06,
       9.50122202e-06, 1.27209746e-05, 1.03804885e-03, 3.08017917e-04,
       8.10476134e-05, 1.85965907e-04, 1.07647663e-07, 2.49488342e-06,
       8.11227366e-07, 2.42880904e-07, 2.12612876e-06]), array([1.07647663e-07, 2.49488342e-06, 8.11227366e-07, 2.42880904e-07,
       2.12612876e-06, 9.39275468e-07, 3.53450974e-05, 1.38851806e-05,
       3.54199357e-06, 9.50122202e-06, 0.00000000e+00, 3.22942989e-07,
       8.69426625e-08, 2.19109292e-08, 0.00000000e+00]), array([0.00000000e+00, 3.22942989e-07, 8.69426625e-08, 2.19109292e-08,
       0.00000000e+00, 1.07647663e-07, 2.49488342e-06, 8.11227366e-07,
       2.42880904e-07, 2.12612876e-06])], a: [0 2 1 2 3 3 2 1], pi: [array([0.09056291, 0.20436627, 0.4884069 , 0.216664  ], dtype=float32), array([0.41634884, 0.10358993, 0.3843411 , 0.09572013], dtype=float32), array([0.16089214, 0.7433489 , 0.06097072, 0.03478817], dtype=float32), array([0.1228275 , 0.05743917, 0.6703865 , 0.14934678], dtype=float32), array([0.11031041, 0.45879933, 0.02356318, 0.4073271 ], dtype=float32), array([0.11644661, 0.18565266, 0.2771883 , 0.42071238], dtype=float32), array([0.17240964, 0.12463095, 0.55003667, 0.15292265], dtype=float32), array([0.452558  , 0.2208194 , 0.2596177 , 0.06700491], dtype=float32)], r: -398.92, train r: -398.92, done: False
