2024-05-15 14:17:54,594 [INFO] action to h_go map:
 [(0, 0), (0.5, 0), (0, 0.5), (0.5, 0.5)]
2024-05-15 14:17:54,595 [INFO] Training: a dim [4, 4, 4, 4, 4, 4, 4, 4], agent dim: 8
2024-05-15 14:21:44,608 [INFO] Training: global step 10000, episode step 40,
                                   ob: [array([ 0.29618191, -0.88854572,  0.50186015,  0.20787935,  0.6544925 ]), array([0.24069539, 0.16645955, 0.83292449, 0.26433448, 1.        ]), array([0.08951461, 0.45354235, 0.72515377, 0.17253524, 0.        ]), array([0.03190488, 0.17282917, 0.20691942, 0.0525685 , 0.3902235 ]), array([0.00729822, 0.07381999, 0.05083641, 0.01342214, 0.        ]), array([0.00164928, 0.01694682, 0.01255894, 0.00320998, 0.01037499]), array([0.00029662, 0.00405798, 0.00238077, 0.00062199, 0.00372551]), array([4.65585492e-05, 7.50174914e-04, 3.64227887e-04, 9.89531117e-05,
       5.93578307e-04])], a: [3 1 2 0 2 1 3 2], pi: [[0.18038069 0.22857335 0.3090975  0.28194848]
 [0.22866456 0.3232439  0.24652617 0.20156541]
 [0.2446028  0.20043246 0.3219075  0.23305722]
 [0.2496702  0.26932216 0.20695275 0.27405488]
 [0.25465557 0.25135761 0.253818   0.24016882]
 [0.2717122  0.25992578 0.23474401 0.23361798]
 [0.2641041  0.22858995 0.26551893 0.241787  ]
 [0.25425193 0.26004633 0.23844421 0.24725755]], r: -94.74, train r: -94.74, done: False
2024-05-15 14:23:13,343 [INFO] Training: global step 20000, episode step 140,
                                   ob: [array([-0.01645574,  0.04936722,  0.09537899,  0.00855747,  0.0519655 ]), array([-0.03514091,  0.05605551,  0.11270215,  0.00255994,  0.10912895]), array([-0.07638357,  0.12372797, -0.68880417, -0.14538539,  0.12449634]), array([-0.05053285, -0.07755214, -1.04742041, -0.19825328, -0.08818627]), array([ 0.05935967, -0.32967757, -0.75855042, -0.10121323, -1.        ]), array([ 0.28664555, -0.68185763, -0.82870752, -0.01207608, -0.6651133 ]), array([ 0.35053014, -0.19165378,  0.37045269,  0.23100195,  0.26144775]), array([0.28182221, 0.20612379, 0.64895339, 0.25412826, 0.        ])], a: [2 0 0 2 1 1 0 1], pi: [[0.09293503 0.15610567 0.44626433 0.304695  ]
 [0.12907141 0.3983217  0.19287664 0.27973026]
 [0.18022534 0.09233008 0.5537644  0.17368026]
 [0.29301745 0.1920049  0.13409743 0.38088018]
 [0.27685425 0.18522844 0.27563843 0.26227894]
 [0.39860433 0.34771308 0.11389556 0.13978711]
 [0.17415471 0.23033644 0.29274565 0.30276325]
 [0.27289748 0.29725528 0.14870131 0.28114593]], r: -142.78, train r: -142.78, done: False
2024-05-15 14:24:29,902 [INFO] Training: global step 30000, episode step 240,
                                   ob: [array([ 0.00214356, -0.00643069, -0.02096292, -0.00247365, -0.00676915]), array([ 0.00065169,  0.00447561, -0.06367959, -0.00971256, -0.06592903]), array([ 0.02110352, -0.06135548,  0.43804198,  0.07863501, -0.06111477]), array([ 0.03171431, -0.03183237,  0.67114366,  0.12252918,  0.        ]), array([-0.25426334,  0.85793296,  1.30107558,  0.10758561,  0.        ]), array([-0.46968262,  0.64625785, -1.48350786, -0.60567185, -1.        ]), array([-0.42364261, -0.13812004, -0.67176938, -0.33977233, -0.82647633]), array([-0.0862184 , -1.01227264, -2.        , -0.97728809, -1.        ])], a: [3 3 2 3 3 0 1 1], pi: [[0.0803018  0.14000706 0.49410865 0.28558245]
 [0.15672599 0.26043743 0.27204427 0.31079233]
 [0.17139843 0.09576109 0.55221206 0.18062839]
 [0.2632969  0.19171238 0.12675142 0.41823933]
 [0.41745085 0.1470205  0.22428735 0.21124126]
 [0.3075441  0.48244095 0.04808464 0.16193028]
 [0.04897042 0.2359152  0.15247242 0.562642  ]
 [0.23536952 0.2925543  0.07916126 0.39291492]], r: -8000.00, train r: -8000.00, done: True
2024-05-15 14:25:42,189 [INFO] Training: global step 40000, episode step 580,
                                   ob: [array([-2.16410166e-08,  6.49230497e-08, -5.76804918e-08, -1.78898834e-08,
        6.83400501e-08]), array([-1.20306550e-08, -2.88310847e-08,  1.75220227e-06,  2.72406661e-07,
        1.84185943e-06]), array([-1.00062504e-05,  2.99826593e-05, -3.47930000e-05, -9.56554410e-06,
        3.14637540e-05]), array([-1.44671999e-05,  1.33828485e-05, -6.74366909e-06, -7.64629619e-06,
        0.00000000e+00]), array([-1.74895979e-04,  4.81286336e-04,  1.13624327e-04, -5.33906471e-05,
        5.74504787e-04]), array([-0.00912868,  0.02686135, -0.04740544, -0.01123313,  0.        ]), array([ 0.00929725, -0.0552778 , -0.27288705, -0.04041763, -0.05818716]), array([ 0.01572784, -0.01929175,  0.54410812,  0.0942449 ,  0.58690338])], a: [3 2 2 3 2 1 3 1], pi: [[0.11795038 0.14851756 0.44881302 0.28471902]
 [0.17404217 0.26185232 0.27649093 0.28761464]
 [0.23436874 0.17764069 0.40757382 0.18041681]
 [0.2836846  0.21551083 0.17377864 0.32702595]
 [0.3214261  0.14122933 0.32863492 0.20870967]
 [0.40262908 0.22558208 0.20793438 0.1638544 ]
 [0.2595668  0.20696282 0.22775954 0.30571085]
 [0.15318136 0.37247613 0.16690889 0.30743355]], r: -4.63, train r: -4.63, done: False
2024-05-15 14:27:00,585 [INFO] Training: global step 50000, episode step 200,
                                   ob: [array([-0.00188422,  0.00565267, -0.0092006 , -0.00222266,  0.00595018]), array([-1.91599861e-03,  9.53246140e-05, -7.42556797e-02, -1.27321070e-02,
       -7.78334180e-02]), array([ 0.015049  , -0.050895  ,  0.31545739,  0.05625871,  0.30543958]), array([ 0.05056927, -0.10656079,  0.11358039,  0.03961313,  0.13779427]), array([-0.1819112 ,  0.69744139,  1.08724875,  0.10409586,  0.        ]), array([-0.43781151,  0.76770094, -0.13845244, -0.22201172,  0.        ]), array([-0.43649577, -0.00394722, -0.80323677, -0.37316774, -0.89361155]), array([-0.1996359 , -0.71057962, -2.        , -0.65251178, -1.        ])], a: [3 0 2 3 3 0 3 0], pi: [[0.11748887 0.30802855 0.3461024  0.2283802 ]
 [0.10326083 0.35646066 0.24391487 0.29636365]
 [0.2880672  0.10971589 0.5094693  0.09274765]
 [0.18412949 0.3099188  0.11707907 0.38887268]
 [0.40790048 0.18911652 0.20427467 0.19870831]
 [0.38679215 0.4238384  0.04754125 0.1418283 ]
 [0.03441515 0.39074734 0.14429648 0.43054104]
 [0.19369324 0.31668    0.05789914 0.43172765]], r: -404.25, train r: -404.25, done: False
2024-05-15 14:28:13,596 [INFO] Training: global step 60000, episode step 180,
                                   ob: [array([ 0.00763856, -0.02291569, -0.03851954, -0.00305633, -0.0639827 ]), array([-0.02397584,  0.0948432 ,  0.88553102,  0.13350238,  0.10320246]), array([-0.36182293,  1.01354127, -0.88799262, -0.31744364,  1.        ]), array([-0.31614688, -0.13702815, -2.        , -0.6884284 , -1.        ]), array([ 0.24936272, -1.6965288 , -2.        , -1.02471277, -1.        ]), array([ 0.47963989, -0.69083151, -1.37341813, -0.00684506,  0.        ]), array([ 0.61442638, -0.40435945, -0.10580507,  0.28481888, -0.50797454]), array([ 0.64705741, -0.0978931 ,  0.21473306,  0.38040189,  0.16785191])], a: [3 2 2 2 0 2 2 3], pi: [[0.04442712 0.22846168 0.24318157 0.48392966]
 [0.1051172  0.23652644 0.41700953 0.2413468 ]
 [0.09355053 0.36068603 0.50053245 0.04523107]
 [0.10690919 0.2958789  0.19573474 0.40147716]
 [0.4605842  0.20747235 0.10427576 0.22766767]
 [0.35472724 0.51401484 0.03247916 0.09877865]
 [0.04486534 0.37611115 0.20598473 0.3730387 ]
 [0.13851953 0.24010697 0.0601108  0.5612627 ]], r: -8000.00, train r: -8000.00, done: True
2024-05-15 14:29:34,238 [INFO] Training: global step 70000, episode step 220,
                                   ob: [array([-0.00122598,  0.00367795,  0.01270536,  0.00152871,  0.        ]), array([ 0.01145295, -0.0380368 ,  0.04829654,  0.01220576, -0.04003874]), array([-0.0900936 ,  0.30463965, -0.36127216, -0.09365642,  0.32278062]), array([-0.19455475,  0.31338346,  0.08131674, -0.07249493,  0.31288888]), array([-0.2276196 ,  0.09919455, -2.        , -0.92250618, -1.        ]), array([ 0.23688322, -1.39350846, -2.        , -1.01724288, -1.        ]), array([ 0.47869921, -0.72544799, -1.09138367,  0.03684818,  0.        ]), array([ 0.64660459, -0.50371614, -0.02697153,  0.3175249 , -0.52096234])], a: [3 2 2 2 3 1 3 3], pi: [[0.02401023 0.21086326 0.1641743  0.6009522 ]
 [0.07309825 0.08546088 0.60415    0.23729078]
 [0.09243089 0.2850107  0.5581367  0.06442173]
 [0.18376672 0.19114813 0.36323145 0.2618537 ]
 [0.43287176 0.18675113 0.06607769 0.31429946]
 [0.30537757 0.64522344 0.02429796 0.02510097]
 [0.12988497 0.16629638 0.16752951 0.53628916]
 [0.39801425 0.36278167 0.08121939 0.15798464]], r: -8000.00, train r: -8000.00, done: False
2024-05-15 14:30:53,452 [INFO] Training: global step 80000, episode step 20,
                                   ob: [array([ 0.17091768, -0.51275303,  2.        ,  0.90483295,  1.        ]), array([0.05648387, 0.34330143, 0.53088413, 0.12108248, 0.50550951]), array([0.01304383, 0.13032012, 0.10783925, 0.02665849, 0.21508229]), array([0.00090908, 0.03640424, 0.02123359, 0.00472363, 0.        ]), array([0.00010906, 0.00240004, 0.00076767, 0.00023425, 0.00308732]), array([3.07051216e-06, 3.17979791e-04, 9.04204696e-05, 2.38064210e-05,
       0.00000000e+00]), array([2.86620398e-07, 8.35167528e-06, 2.74386441e-06, 7.82342625e-07,
       1.08235086e-05]), array([6.19681693e-09, 8.41270744e-07, 1.37876908e-07, 4.59343223e-08,
       3.15889800e-07])], a: [3 2 3 0 0 1 2 1], pi: [[0.08167641 0.22513716 0.2256315  0.46755496]
 [0.30048063 0.1413216  0.30161375 0.2565841 ]
 [0.17070681 0.3301211  0.22308038 0.2760917 ]
 [0.36540958 0.3478723  0.17708482 0.1096333 ]
 [0.20800024 0.09126918 0.2552952  0.44543546]
 [0.60555595 0.13274944 0.1545963  0.10709836]
 [0.12168302 0.27372423 0.39339924 0.21119344]
 [0.1936645  0.2711385  0.42164162 0.11355541]], r: -342.82, train r: -342.82, done: False
2024-05-15 14:32:23,356 [INFO] Training: global step 90000, episode step 240,
                                   ob: [array([ 0.00231977, -0.00695932,  0.01220392,  0.00287596,  0.00701134]), array([ 0.03139446, -0.08722405,  0.10580094,  0.02967151,  0.03531552]), array([-0.14810706,  0.53850455,  0.50606697,  0.02329046,  0.56498818]), array([-0.40396386,  0.7675704 , -0.92115551, -0.35845753,  0.77823262]), array([-0.26263999, -0.42397161, -2.        , -0.96481901, -0.48724552]), array([-0.27609679,  0.04037041, -1.19522839, -0.35245591,  0.        ]), array([-0.06059362, -0.64650953, -2.        , -0.52444547, -1.        ]), array([ 0.21144983, -0.81613036, -2.        , -0.4774283 ,  0.        ])], a: [1 3 1 3 3 1 3 1], pi: [[0.04888413 0.5253551  0.07756461 0.34819615]
 [0.21091805 0.09093922 0.27604112 0.4221016 ]
 [0.05024091 0.31753084 0.56753176 0.0646965 ]
 [0.26563492 0.24150929 0.14612307 0.34673268]
 [0.42860556 0.31592458 0.08843011 0.16703968]
 [0.1663423  0.75958675 0.01553452 0.05853639]
 [0.10319982 0.18632647 0.19905919 0.5114145 ]
 [0.4446364  0.21132429 0.16599026 0.1780491 ]], r: -8000.00, train r: -8000.00, done: True
2024-05-15 14:33:53,762 [INFO] Training: global step 100000, episode step 220,
                                   ob: [array([ 0.01075579, -0.03226737, -0.0578835 , -0.00488367, -0.05536598]), array([ 1.07990106e-02, -1.29659313e-04,  3.60055845e-01,  6.26371111e-02,
        3.77254399e-01]), array([-0.15139741,  0.48658926, -1.67214761, -0.36396639,  0.49234372]), array([-0.20884602,  0.17234584, -1.69092164, -0.41717226, -1.        ]), array([ 0.14695738, -1.06741021, -2.        , -1.00173965,  0.        ]), array([ 0.38769232, -0.72220483, -2.        , -0.23809238, -1.        ]), array([ 0.64875124, -0.78317675, -0.2081468 ,  0.27547201,  0.        ]), array([ 0.70926616, -0.18154477,  0.86751145,  0.71875951,  0.        ])], a: [3 0 1 1 1 3 3 0], pi: [[0.0556526  0.4071637  0.27896395 0.25821978]
 [0.1551583  0.06963171 0.28206456 0.49314538]
 [0.02595067 0.27750883 0.67344624 0.02309432]
 [0.26322144 0.36890694 0.06607284 0.3017988 ]
 [0.48280337 0.2876449  0.10799108 0.12156071]
 [0.15922333 0.71532667 0.02057644 0.10487358]
 [0.13882542 0.14281353 0.22555037 0.4928107 ]
 [0.3688343  0.16532448 0.22480406 0.24103709]], r: -8000.00, train r: -8000.00, done: False
