2024-05-20 18:04:01,879 [INFO] neighbor mask:
 array([[0, 0, 0, 0, 0, 0, 0, 0, 0, 0, 1, 0, 0, 0, 1, 1, 0, 0, 0, 0, 0, 0,
        0, 0, 0, 1, 0, 0],
       [0, 0, 0, 0, 0, 1, 0, 0, 0, 0, 0, 0, 0, 0, 0, 0, 0, 0, 0, 1, 0, 0,
        1, 0, 0, 1, 0, 0],
       [0, 0, 0, 0, 1, 0, 0, 0, 0, 1, 0, 0, 0, 0, 0, 0, 0, 0, 0, 0, 0, 0,
        0, 0, 0, 0, 0, 0],
       [0, 0, 0, 0, 0, 0, 0, 0, 0, 0, 0, 0, 0, 0, 0, 0, 0, 0, 0, 0, 0, 0,
        0, 0, 0, 0, 0, 0],
       [0, 0, 1, 0, 0, 0, 0, 1, 0, 0, 0, 0, 0, 0, 0, 0, 0, 0, 0, 0, 0, 0,
        0, 0, 0, 0, 0, 0],
       [0, 1, 0, 0, 0, 0, 0, 0, 0, 0, 0, 0, 0, 0, 0, 0, 0, 0, 0, 0, 0, 0,
        1, 0, 0, 0, 1, 0],
       [0, 0, 0, 0, 0, 0, 0, 0, 0, 0, 0, 0, 0, 0, 0, 0, 1, 0, 0, 0, 0, 0,
        0, 0, 0, 0, 0, 0],
       [0, 0, 0, 0, 1, 0, 0, 0, 0, 0, 0, 0, 1, 0, 0, 0, 0, 0, 0, 0, 0, 0,
        0, 1, 0, 0, 0, 0],
       [0, 0, 0, 0, 0, 0, 0, 0, 0, 0, 0, 0, 0, 0, 0, 0, 0, 0, 1, 1, 0, 0,
        0, 0, 0, 0, 0, 0],
       [0, 0, 1, 0, 0, 0, 0, 0, 0, 0, 0, 0, 0, 0, 0, 0, 0, 0, 0, 0, 0, 0,
        0, 1, 0, 0, 0, 0],
       [1, 0, 0, 0, 0, 0, 0, 0, 0, 0, 0, 0, 0, 0, 0, 1, 0, 0, 1, 0, 1, 0,
        0, 0, 0, 0, 0, 0],
       [0, 0, 0, 0, 0, 0, 0, 0, 0, 0, 0, 0, 0, 0, 0, 0, 0, 0, 0, 0, 0, 0,
        0, 0, 0, 0, 0, 0],
       [0, 0, 0, 0, 0, 0, 0, 1, 0, 0, 0, 0, 0, 0, 0, 0, 0, 0, 0, 0, 0, 0,
        0, 0, 0, 0, 1, 0],
       [0, 0, 0, 0, 0, 0, 0, 0, 0, 0, 0, 0, 0, 0, 0, 0, 0, 0, 0, 0, 0, 0,
        0, 0, 0, 0, 0, 0],
       [0, 0, 0, 0, 0, 0, 0, 0, 0, 0, 0, 0, 0, 0, 0, 0, 0, 0, 0, 0, 0, 0,
        0, 0, 0, 0, 0, 1],
       [1, 0, 0, 0, 0, 0, 0, 0, 0, 0, 0, 0, 0, 0, 0, 0, 0, 0, 0, 0, 0, 0,
        0, 0, 1, 0, 0, 0],
       [0, 0, 0, 0, 0, 0, 1, 0, 0, 0, 0, 0, 0, 0, 0, 0, 0, 0, 0, 0, 0, 0,
        0, 0, 0, 0, 0, 0],
       [0, 0, 0, 0, 0, 0, 0, 0, 0, 0, 0, 0, 0, 0, 0, 0, 0, 0, 1, 0, 0, 0,
        0, 0, 0, 0, 0, 0],
       [0, 0, 0, 0, 0, 0, 0, 0, 1, 0, 1, 0, 0, 0, 0, 0, 0, 1, 0, 0, 0, 0,
        0, 0, 0, 0, 0, 0],
       [0, 1, 0, 0, 0, 0, 0, 0, 1, 0, 0, 0, 0, 0, 0, 0, 0, 0, 0, 0, 0, 0,
        1, 0, 0, 0, 0, 0],
       [0, 0, 0, 0, 0, 0, 0, 0, 0, 0, 0, 0, 0, 0, 0, 0, 0, 1, 0, 0, 0, 0,
        0, 0, 1, 0, 0, 0],
       [0, 0, 0, 0, 0, 0, 0, 0, 0, 0, 0, 0, 0, 0, 0, 0, 0, 0, 0, 0, 0, 0,
        0, 0, 0, 0, 0, 0],
       [0, 1, 0, 0, 0, 1, 0, 0, 0, 0, 0, 0, 0, 0, 0, 0, 0, 0, 0, 1, 0, 0,
        0, 0, 0, 0, 0, 0],
       [1, 0, 0, 0, 0, 0, 0, 0, 0, 0, 0, 0, 0, 0, 0, 0, 0, 0, 0, 0, 0, 0,
        0, 0, 0, 1, 0, 1],
       [0, 0, 0, 1, 0, 0, 0, 0, 0, 0, 0, 0, 0, 0, 0, 1, 0, 0, 0, 0, 1, 1,
        0, 0, 0, 0, 0, 0],
       [1, 1, 0, 0, 0, 0, 0, 0, 0, 0, 0, 0, 0, 0, 0, 0, 0, 0, 0, 0, 0, 0,
        0, 1, 0, 0, 1, 0],
       [0, 0, 0, 0, 0, 1, 0, 0, 0, 0, 0, 0, 1, 0, 0, 0, 0, 0, 0, 0, 0, 0,
        0, 0, 0, 1, 0, 0],
       [0, 0, 0, 0, 0, 0, 0, 0, 0, 1, 0, 0, 0, 0, 1, 0, 0, 0, 0, 0, 0, 0,
        0, 0, 0, 0, 0, 0]])
2024-05-20 18:04:01,881 [INFO] distance mask:
 array([[ 0,  2,  4,  3,  5,  3, -1,  4,  3,  3,  1, -1,  3, -1,  1,  1,
        -1,  3,  2,  3,  2,  3,  3,  2,  2,  1,  2,  2],
       [ 2,  0,  5,  5,  5,  1, -1,  4,  2,  4,  3, -1,  3, -1,  3,  3,
        -1,  4,  3,  1,  4,  5,  1,  2,  4,  1,  2,  3],
       [ 3,  4,  0,  6,  1,  5, -1,  2,  6,  1,  4, -1,  3, -1,  4,  4,
        -1,  6,  5,  5,  5,  6,  5,  2,  5,  3,  4,  3],
       [-1, -1, -1,  0, -1, -1, -1, -1, -1, -1, -1, -1, -1, -1, -1, -1,
        -1, -1, -1, -1, -1, -1, -1, -1, -1, -1, -1, -1],
       [ 3,  4,  1,  6,  0,  4, -1,  1,  6,  2,  4, -1,  2, -1,  4,  4,
        -1,  6,  5,  5,  5,  6,  5,  2,  5,  3,  3,  3],
       [ 3,  1,  5,  6,  4,  0, -1,  3,  3,  5,  4, -1,  2, -1,  4,  4,
        -1,  5,  4,  2,  5,  6,  1,  3,  5,  2,  1,  4],
       [-1, -1, -1, -1, -1, -1,  0, -1, -1, -1, -1, -1, -1, -1, -1, -1,
         1, -1, -1, -1, -1, -1, -1, -1, -1, -1, -1, -1],
       [ 2,  3,  2,  5,  1,  3, -1,  0,  5,  3,  3, -1,  1, -1,  3,  3,
        -1,  5,  4,  4,  4,  5,  4,  1,  4,  2,  2,  2],
       [ 3,  2,  7,  5,  7,  3, -1,  6,  0,  6,  2, -1,  5, -1,  4,  3,
        -1,  2,  1,  1,  3,  5,  2,  4,  4,  3,  4,  5],
       [ 2,  3,  1,  5,  2,  4, -1,  3,  5,  0,  3, -1,  4, -1,  3,  3,
        -1,  5,  4,  4,  4,  5,  4,  1,  4,  2,  3,  2],
       [ 1,  3,  5,  3,  6,  4, -1,  5,  2,  4,  0, -1,  4, -1,  2,  1,
        -1,  2,  1,  3,  1,  3,  4,  3,  2,  2,  3,  3],
       [-1, -1, -1, -1, -1, -1, -1, -1, -1, -1, -1,  0, -1, -1, -1, -1,
        -1, -1, -1, -1, -1, -1, -1, -1, -1, -1, -1, -1],
       [ 3,  3,  3,  6,  2,  2, -1,  1,  5,  4,  4, -1,  0, -1,  4,  4,
        -1,  6,  5,  4,  5,  6,  3,  2,  5,  2,  1,  3],
       [-1, -1, -1, -1, -1, -1, -1, -1, -1, -1, -1, -1, -1,  0, -1, -1,
        -1, -1, -1, -1, -1, -1, -1, -1, -1, -1, -1, -1],
       [ 4,  5,  3,  7,  4,  6, -1,  5,  7,  2,  5, -1,  6, -1,  0,  5,
        -1,  7,  6,  6,  6,  7,  6,  3,  6,  4,  5,  1],
       [ 1,  3,  5,  2,  6,  4, -1,  5,  4,  4,  2, -1,  4, -1,  2,  0,
        -1,  3,  3,  4,  2,  2,  4,  3,  1,  2,  3,  3],
       [-1, -1, -1, -1, -1, -1,  1, -1, -1, -1, -1, -1, -1, -1, -1, -1,
         0, -1, -1, -1, -1, -1, -1, -1, -1, -1, -1, -1],
       [ 3,  4,  7,  5,  8,  5, -1,  7,  2,  6,  2, -1,  6, -1,  4,  3,
        -1,  0,  1,  3,  3,  5,  4,  5,  4,  4,  5,  5],
       [ 2,  3,  6,  4,  7,  4, -1,  6,  1,  5,  1, -1,  5, -1,  3,  2,
        -1,  1,  0,  2,  2,  4,  3,  4,  3,  3,  4,  4],
       [ 3,  1,  6,  6,  6,  2, -1,  5,  1,  5,  3, -1,  4, -1,  4,  4,
        -1,  3,  2,  0,  4,  6,  1,  3,  5,  2,  3,  4],
       [ 3,  5,  7,  2,  8,  6, -1,  7,  3,  6,  3, -1,  6, -1,  4,  2,
        -1,  1,  2,  4,  0,  2,  5,  5,  1,  4,  5,  5],
       [-1, -1, -1, -1, -1, -1, -1, -1, -1, -1, -1, -1, -1, -1, -1, -1,
        -1, -1, -1, -1, -1,  0, -1, -1, -1, -1, -1, -1],
       [ 3,  1,  6,  6,  5,  1, -1,  4,  2,  5,  4, -1,  3, -1,  4,  4,
        -1,  4,  3,  1,  5,  6,  0,  3,  5,  2,  2,  4],
       [ 1,  2,  3,  4,  4,  3, -1,  4,  4,  2,  2, -1,  3, -1,  2,  2,
        -1,  4,  3,  3,  3,  4,  3,  0,  3,  1,  2,  1],
       [ 2,  4,  6,  1,  7,  5, -1,  6,  4,  5,  3, -1,  5, -1,  3,  1,
        -1,  2,  3,  5,  1,  1,  5,  4,  0,  3,  4,  4],
       [ 1,  1,  4,  4,  4,  2, -1,  3,  3,  3,  2, -1,  2, -1,  2,  2,
        -1,  4,  3,  2,  3,  4,  2,  1,  3,  0,  1,  2],
       [ 2,  2,  4,  5,  3,  1, -1,  2,  4,  4,  3, -1,  1, -1,  3,  3,
        -1,  5,  4,  3,  4,  5,  2,  2,  4,  1,  0,  3],
       [ 3,  4,  2,  6,  3,  5, -1,  4,  6,  1,  4, -1,  5, -1,  1,  4,
        -1,  6,  5,  5,  5,  6,  5,  2,  5,  3,  4,  0]])
2024-05-20 18:04:02,975 [INFO] Env: init 28 node information:
10026:
	neigbor: ['9431', '9561', 'cluster_9563_9597', '9531']
	ilds_in: [['-10089#4_1', '10031#1_1'], ['-10089#4_1', '10031#1_1'], ['-10089#4_2', '10031#1_2'], ['-10089#4_2', '10031#1_2'], ['gneE5_0'], ['gneE5_0'], ['gneE5_0'], ['10089#3_1'], ['10089#3_1'], ['10089#3_2'], ['10089#3_2'], ['-10046#0_1', '-10046#1_1'], ['-10046#0_1', '-10046#1_1'], ['-10046#0_1', '-10046#1_1']]
8794:
	neigbor: ['cluster_8985_9609', '9837', '9058', 'cluster_9563_9597']
	ilds_in: [['-10115#5_1'], ['-10115#5_1'], ['-10115#5_1'], ['-10104_1'], ['-10104_1'], ['-10104_1'], ['10115#4_1'], ['10115#4_1'], ['10115#4_1'], ['10106#3_1'], ['10106#3_1'], ['10106#3_1']]
8940:
	neigbor: ['9007', '9429']
	ilds_in: [['10061#5_1'], ['10061#5_1'], ['10065#1_1', '10065#0_1'], ['10065#1_1', '10065#0_1'], ['-10065#2_1'], ['-10065#2_1']]
8996:
	neigbor: []
	ilds_in: [['-10083#0_1'], ['gneE19_0'], ['gneE19_0']]
9007:
	neigbor: ['9309', '8940']
	ilds_in: [['10071#4_1'], ['10071#4_1'], ['-10071#5_1'], ['-10071#5_1'], ['-10065#0_1', '-10065#1_1'], ['-10065#0_1', '-10065#1_1']]
9058:
	neigbor: ['cluster_8985_9609', '8794', 'joinedS_0']
	ilds_in: [['-10062_1'], ['-10062_1'], ['-10062_1'], ['-10043_1'], ['-10043_1'], ['-10043_1'], ['-10110_1'], ['-10110_1'], ['-10110_1'], ['10104_1'], ['10104_1'], ['10104_1']]
9153:
	neigbor: ['9643']
	ilds_in: [['-10051#0_1'], ['-10051#0_1'], ['10050#0_1'], ['10050#0_1'], ['10050#0_1']]
9309:
	neigbor: ['9466', '9007', 'cluster_9043_9052']
	ilds_in: [['10071#5_1'], ['10071#5_1'], ['10071#5_1'], ['-10053#1_1'], ['-10053#1_1'], ['-10053#1_1'], ['10053#0_1'], ['10053#0_1'], ['10053#0_1'], ['gneE10_0'], ['gneE10_0'], ['gneE10_0']]
9413:
	neigbor: ['9721', '9837']
	ilds_in: [['-10106#2_1'], ['-10106#2_1'], ['10106#1_1'], ['10106#1_1'], ['10109_1'], ['10109_1']]
9429:
	neigbor: ['cluster_9043_9052', '8940']
	ilds_in: [['-10064#4_1'], ['-10064#4_1'], ['-10064#4_1'], ['-10064#4_2'], ['-10064#4_2'], ['10065#2_1'], ['10065#2_1'], ['10065#2_1'], ['10065#2_1'], ['10064#3_1', 'gneE12_0'], ['10064#3_1', 'gneE12_0'], ['10064#3_2', 'gneE12_1'], ['10064#3_2', 'gneE12_1'], ['10064#3_2', 'gneE12_1'], ['-10059_1'], ['-10059_1'], ['-10059_1'], ['-10059_1']]
9431:
	neigbor: ['9721', '9884', '9561', '10026']
	ilds_in: [['-10089#3_1'], ['-10089#3_2'], ['10089#2_1'], ['10089#2_2'], ['10099#3_1', '10099#1_1', '10099#2_1', 'gneE14_0'], ['10099#3_1', '10099#1_1', '10099#2_1', 'gneE14_0']]
9433:
	neigbor: []
	ilds_in: [['10052#5_1', '10052#4_1'], ['10180#3_1', '10180#1_1']]
9466:
	neigbor: ['9309', 'joinedS_0']
	ilds_in: [['-10053#0_1'], ['-10053#0_1'], ['-10053#0_1'], ['10053#2_1'], ['10053#2_1'], ['10053#2_1'], ['-10067#0_1', '-10067#1_1', '-10117#0_1'], ['-10067#0_1', '-10067#1_1', '-10117#0_1'], ['-10067#0_1', '-10067#1_1', '-10117#0_1'], ['-10080#0_1'], ['-10080#0_1'], ['-10080#0_1']]
9480:
	neigbor: []
	ilds_in: [['10183#13_1', '10183#12_1'], ['10183#13_1', '10183#12_1'], ['-10183#14_1', '-10183#16_1'], ['-10183#14_1', '-10183#16_1'], ['-10185#0_1'], ['-10185#0_1']]
9531:
	neigbor: ['joinedS_1']
	ilds_in: [['10031#0_1'], ['10031#0_1'], ['10031#0_2'], ['10077_1', '10116_1']]
9561:
	neigbor: ['cluster_9389_9689', '10026']
	ilds_in: [['10086_1'], ['10086_1'], ['10086_1'], ['10046#1_1', '10046#0_1'], ['10046#1_1', '10046#0_1'], ['10046#1_1', '10046#0_1'], ['gneE13_0'], ['gneE13_0'], ['gneE13_0'], ['gneE15_0'], ['gneE15_0'], ['gneE15_0']]
9643:
	neigbor: ['9153']
	ilds_in: [['-10051#1_1', '-10051#2_1'], ['-10051#1_1', '-10051#2_1'], ['10051#0_1'], ['10051#0_1'], ['-10178_1', '-10179_1'], ['-10178_1', '-10179_1']]
9713:
	neigbor: ['9721']
	ilds_in: [['-10094#2_1', '-10094#3_1'], ['-10094#2_1', '-10094#3_1'], ['-10094#2_1', '-10094#3_1'], ['-10095_1'], ['-10095_1'], ['-10095_1'], ['10094#1_1', '10094#0_1', '10097#2_1'], ['10094#1_1', '10094#0_1', '10097#2_1'], ['10094#1_1', '10094#0_1', '10097#2_1']]
9721:
	neigbor: ['9431', '9713', '9413']
	ilds_in: [['-10089#2_1'], ['-10089#2_1'], ['-10089#2_2'], ['-10089#2_2'], ['-10109_1'], ['-10109_1'], ['-10109_1'], ['10089#1_1'], ['10089#1_1'], ['10089#1_2'], ['10089#1_2'], ['10094#3_1', '10094#2_1'], ['10094#3_1', '10094#2_1'], ['10094#3_1', '10094#2_1']]
9837:
	neigbor: ['9413', '8794', 'cluster_8985_9609']
	ilds_in: [['-10106#3_1'], ['-10106#3_1'], ['10049_1'], ['10049_1'], ['10106#2_1'], ['10106#2_1']]
9884:
	neigbor: ['9713', 'cluster_9389_9689']
	ilds_in: [['gneE20_0'], ['gneE20_0'], ['-10100_1']]
cluster_8751_9630:
	neigbor: []
	ilds_in: [['-10186_1'], ['-10186_1'], ['-10186_1'], ['-10078#2_1', '-10078#3_1', '10085_1'], ['-10078#2_1', '-10078#3_1', '10085_1'], ['-10078#2_1', '-10078#3_1', '10085_1'], ['10083#2_1'], ['10083#2_1'], ['10083#2_1'], ['-10084#0_1'], ['-10084#0_1'], ['-10084#0_1']]
cluster_8985_9609:
	neigbor: ['9837', '8794', '9058']
	ilds_in: [['-10115#4_1'], ['-10115#4_1'], ['-10115#4_1'], ['10110_1'], ['10110_1'], ['10110_1'], ['10115#2_1'], ['10115#2_1'], ['10115#2_1'], ['-10049_1'], ['-10049_1'], ['-10049_1']]
cluster_9043_9052:
	neigbor: ['cluster_9563_9597', '10026', 'joinedS_1']
	ilds_in: [['gneE11_0'], ['gneE11_1'], ['gneE11_1'], ['gneE9_0'], ['gneE9_0'], ['-10090#0_1', '-10090#1_1', '10080#2_1'], ['-10090#0_1', '-10090#1_1', '10080#2_1'], ['-10090#0_2', '-10090#1_2'], ['10092_1'], ['10092_1'], ['10092_2']]
cluster_9389_9689:
	neigbor: ['cluster_8751_9630', '9884', '9561', '8996']
	ilds_in: [['-10085_1'], ['-10085_1'], ['-10085_1'], ['gneE16_0'], ['gneE16_0'], ['gneE16_0'], ['10100_1'], ['10100_1'], ['10100_1'], ['-10046#5_1', '10083#1_1', '-10083#2_1'], ['-10046#5_1', '10083#1_1', '-10083#2_1'], ['-10046#5_1', '10083#1_1', '-10083#2_1']]
cluster_9563_9597:
	neigbor: ['10026', '8794', 'joinedS_0', 'cluster_9043_9052']
	ilds_in: [['10090#1_1', '10090#0_1'], ['10090#1_1', '10090#0_1'], ['10090#1_2', '10090#0_2'], ['10108#5_1', 'gneE8_0'], ['10108#5_1', 'gneE8_0'], ['10108#5_2', 'gneE8_1'], ['10115#5_1'], ['10115#5_1'], ['10115#5_1'], ['gneE4_0'], ['gneE4_0'], ['gneE4_0']]
joinedS_0:
	neigbor: ['9058', 'cluster_9563_9597', '9466']
	ilds_in: [['10108#2_1'], ['10108#2_2'], ['10108#2_2'], ['10062_1'], ['10062_1'], ['gneE7_0', '-10108#5_1'], ['gneE7_0', '-10108#5_1'], ['gneE7_1', '-10108#5_2'], ['10067#1_1'], ['10067#1_1'], ['10067#1_1'], ['10108#0_1'], ['10108#0_1'], ['10108#0_2'], ['10108#0_2'], ['10043_1'], ['10043_1'], ['10043_1'], ['-10108#2_1'], ['-10108#2_1'], ['-10108#2_2'], ['-10108#2_2']]
joinedS_1:
	neigbor: ['9531', '9429']
	ilds_in: [['10102_1'], ['10102_1'], ['10102_2'], ['10102_2'], ['gneE18_0'], ['gneE18_0'], ['-10116_1'], ['10181#2_1', '10181#1_1'], ['10181#2_1', '10181#1_1']]

2024-05-20 18:04:02,975 [INFO] Training: a dim [6, 4, 2, 2, 2, 4, 2, 4, 2, 5, 2, 2, 4, 2, 2, 4, 2, 3, 6, 3, 2, 4, 4, 4, 4, 4, 6, 3], agent dim: 28
2024-05-20 18:54:48,221 [INFO] Training: global step 10000, episode step 640,
                                   ob: [array([0.73186599, 0.73186599, 1.05713976, 1.05713976, 0.35404079,
       0.35404079, 0.35404079, 0.79260238, 0.79260238, 0.79260238,
       0.79260238, 0.9455768 , 0.9455768 , 0.9455768 ]), array([1.00998766, 1.00998766, 1.00998766, 0.        , 0.        ,
       0.        , 0.        , 0.        , 0.        , 1.01064547,
       1.01064547, 1.01064547]), array([1.00283152, 1.00283152, 1.10456554, 1.10456554, 0.        ,
       0.        ]), array([0., 0., 0.]), array([1.07604017, 1.07604017, 0.97613883, 0.97613883, 0.        ,
       0.        ]), array([0.        , 0.        , 0.        , 0.        , 0.        ,
       0.        , 0.99846901, 0.99846901, 0.99846901, 1.00522718,
       1.00522718, 1.00522718]), array([0.98325938, 0.98325938, 0.        , 0.        , 0.        ]), array([0.        , 0.        , 0.        , 0.        , 0.        ,
       0.        , 0.97276265, 0.97276265, 0.97276265, 0.        ,
       0.        , 0.        ]), array([0.90799031, 0.90799031, 0.        , 0.        , 0.98325938,
       0.98325938]), array([0.        , 0.        , 0.        , 0.        , 0.        ,
       0.98184674, 0.98184674, 0.98184674, 0.98184674, 0.57621389,
       0.57621389, 0.92194222, 0.92194222, 0.92194222, 1.40537164,
       1.40537164, 1.40537164, 1.40537164]), array([0.        , 0.        , 0.87582717, 0.87582717, 0.43507085,
       0.43507085]), array([1.04570101, 0.97150259]), array([0.        , 0.        , 0.        , 0.        , 0.        ,
       0.        , 0.57633197, 0.57633197, 0.57633197, 0.        ,
       0.        , 0.        ]), array([0.        , 0.        , 0.        , 0.        , 0.95846645,
       0.95846645]), array([0.45358331, 0.45358331, 0.68037496, 0.99509088]), array([1.07867108, 1.07867108, 1.07867108, 0.        , 0.        ,
       0.        , 0.97248235, 0.97248235, 0.97248235, 0.        ,
       0.        , 0.        ]), array([1.08381503, 1.08381503, 0.        , 0.        , 0.        ,
       0.        ]), array([0.       , 0.       , 0.       , 0.       , 0.       , 0.       ,
       0.6698992, 0.6698992, 0.6698992]), array([0.        , 0.        , 0.        , 0.        , 0.9603073 ,
       0.9603073 , 0.9603073 , 0.        , 0.        , 0.        ,
       0.        , 0.62361419, 0.62361419, 0.62361419]), array([0.        , 0.        , 1.0215664 , 1.0215664 , 0.95858896,
       0.95858896]), array([0.92052777, 0.92052777, 0.        ]), array([0.        , 0.        , 0.        , 0.        , 0.        ,
       0.        , 1.00476332, 1.00476332, 1.00476332, 0.        ,
       0.        , 0.        ]), array([1.02645985, 1.02645985, 1.02645985, 0.        , 0.        ,
       0.        , 1.00925147, 1.00925147, 1.00925147, 0.65659882,
       0.65659882, 0.65659882]), array([0.        , 0.        , 0.        , 0.        , 0.        ,
       0.9018759 , 0.9018759 , 0.80014225, 0.        , 0.        ,
       0.94434651]), array([0.        , 0.        , 0.        , 0.        , 0.        ,
       0.        , 0.        , 0.        , 0.        , 0.27442371,
       0.27442371, 0.27442371]), array([0.53106745, 0.53106745, 0.        , 0.96068578, 0.96068578,
       0.36949453, 0.        , 0.        , 0.        , 0.95900264,
       0.95900264, 0.95900264]), array([0.78947368, 0.        , 0.        , 1.01488498, 1.01488498,
       0.15248551, 0.15248551, 0.91491308, 0.        , 0.        ,
       0.        , 0.31529164, 0.31529164, 0.        , 0.        ,
       0.        , 0.        , 0.        , 0.36443149, 0.36443149,
       0.72886297, 0.72886297]), array([0.83197752, 0.83197752, 0.99837302, 0.99837302, 0.        ,
       0.        , 0.        , 1.03331663, 1.03331663])], a: [5 3 0 1 1 0 1 0 0 0 0 1 0 1 1 2 1 1 3 0 1 0 1 3 0 2 2 0], pi: [array([0.13553882, 0.15608513, 0.22022706, 0.15319073, 0.14730857,
       0.18764971], dtype=float32), array([0.20496175, 0.23316903, 0.35144326, 0.210426  ], dtype=float32), array([0.6932486 , 0.30675137], dtype=float32), array([0.49713004, 0.50287   ], dtype=float32), array([0.5690961, 0.430904 ], dtype=float32), array([0.19646336, 0.24281915, 0.3238586 , 0.23685889], dtype=float32), array([0.44417405, 0.55582595], dtype=float32), array([0.2546267 , 0.19018368, 0.2232859 , 0.33190373], dtype=float32), array([0.5724966 , 0.42750344], dtype=float32), array([0.1588239 , 0.24510173, 0.23886159, 0.17923327, 0.17797945],
      dtype=float32), array([0.47706515, 0.5229349 ], dtype=float32), array([0.55236346, 0.44763651], dtype=float32), array([0.315083  , 0.15512152, 0.22745854, 0.3023369 ], dtype=float32), array([0.4621636, 0.5378364], dtype=float32), array([0.41697097, 0.58302903], dtype=float32), array([0.22916415, 0.21296927, 0.36899278, 0.18887383], dtype=float32), array([0.44795853, 0.5520415 ], dtype=float32), array([0.37627208, 0.2908549 , 0.33287302], dtype=float32), array([0.153148  , 0.22575752, 0.15644822, 0.17324173, 0.11515653,
       0.17624798], dtype=float32), array([0.2964922 , 0.28204644, 0.42146137], dtype=float32), array([0.5130633 , 0.48693672], dtype=float32), array([0.25734732, 0.25966126, 0.20392263, 0.2790688 ], dtype=float32), array([0.16357528, 0.33041266, 0.26650262, 0.23950948], dtype=float32), array([0.25274685, 0.35579336, 0.1796612 , 0.21179868], dtype=float32), array([0.20084098, 0.34887266, 0.23325   , 0.21703637], dtype=float32), array([0.28507867, 0.13497151, 0.24955378, 0.330396  ], dtype=float32), array([0.08447159, 0.12129886, 0.21916349, 0.173349  , 0.1813111 ,
       0.22040595], dtype=float32), array([0.27261707, 0.38077173, 0.34661123], dtype=float32)], r: -818.00, train r: -29.21, done: False
2024-05-20 19:06:21,541 [INFO] Training: global step 20000, episode step 560,
                                   ob: [array([0.73186599, 0.73186599, 0.81318443, 0.81318443, 0.        ,
       0.        , 0.        , 0.19815059, 0.19815059, 0.19815059,
       0.19815059, 0.9455768 , 0.9455768 , 0.9455768 ]), array([0.08416564, 0.08416564, 0.08416564, 0.        , 0.        ,
       0.        , 0.16563604, 0.16563604, 0.16563604, 1.01064547,
       1.01064547, 1.01064547]), array([1.00283152, 1.00283152, 1.10456554, 1.10456554, 0.        ,
       0.        ]), array([0., 0., 0.]), array([1.07604017, 1.07604017, 0.97613883, 0.97613883, 0.52533271,
       0.52533271]), array([0., 0., 0., 0., 0., 0., 0., 0., 0., 0., 0., 0.]), array([0.98325938, 0.98325938, 0.        , 0.        , 0.        ]), array([0.92975207, 0.92975207, 0.92975207, 0.        , 0.        ,
       0.        , 0.97276265, 0.97276265, 0.97276265, 0.22770053,
       0.22770053, 0.22770053]), array([0.90799031, 0.90799031, 0.21004481, 0.21004481, 0.98325938,
       0.98325938]), array([0.        , 0.        , 0.        , 0.        , 0.        ,
       0.98184674, 0.98184674, 0.98184674, 0.98184674, 0.        ,
       0.        , 0.57621389, 0.57621389, 0.57621389, 1.40537164,
       1.40537164, 1.40537164, 1.40537164]), array([0.        , 0.89952026, 0.        , 0.        , 0.        ,
       0.        ]), array([1.04570101, 1.07944732]), array([0.95744681, 0.95744681, 0.95744681, 0.        , 0.        ,
       0.        , 0.70440574, 0.70440574, 0.70440574, 0.99469496,
       0.99469496, 0.99469496]), array([0.        , 0.        , 0.        , 0.        , 0.95846645,
       0.95846645]), array([1.13395827, 1.13395827, 0.        , 0.99509088]), array([0.        , 0.        , 0.        , 0.        , 0.        ,
       0.        , 0.43221438, 0.43221438, 0.43221438, 0.91631032,
       0.91631032, 0.91631032]), array([0.36127168, 0.36127168, 0.        , 0.        , 0.        ,
       0.        ]), array([0.83916084, 0.83916084, 0.83916084, 0.        , 0.        ,
       0.        , 0.6698992 , 0.6698992 , 0.6698992 ]), array([0.        , 0.        , 0.88897669, 0.88897669, 0.9603073 ,
       0.9603073 , 0.9603073 , 0.        , 0.        , 0.        ,
       0.        , 0.83148559, 0.83148559, 0.83148559]), array([0.9491268 , 0.9491268 , 0.17026107, 0.17026107, 0.95858896,
       0.95858896]), array([0.92052777, 0.92052777, 0.        ]), array([0., 0., 0., 0., 0., 0., 0., 0., 0., 0., 0., 0.]), array([0.17107664, 0.17107664, 0.17107664, 0.        , 0.        ,
       0.        , 1.00925147, 1.00925147, 1.00925147, 0.        ,
       0.        , 0.        ]), array([0.        , 0.        , 0.        , 0.        , 0.        ,
       0.36075036, 0.36075036, 0.40007112, 0.        , 0.        ,
       0.        ]), array([0.        , 0.        , 0.        , 0.        , 0.        ,
       0.        , 0.92040673, 0.92040673, 0.92040673, 0.41163557,
       0.41163557, 0.41163557]), array([0.        , 0.        , 0.        , 0.96068578, 0.96068578,
       0.29559563, 1.01499944, 1.01499944, 1.01499944, 1.0189403 ,
       1.0189403 , 1.0189403 ]), array([0.78947368, 0.39473684, 0.39473684, 0.        , 0.        ,
       0.07624276, 0.07624276, 0.        , 0.        , 0.        ,
       0.        , 0.94587493, 0.94587493, 0.        , 0.        ,
       0.        , 0.        , 0.        , 0.        , 0.        ,
       0.        , 0.        ]), array([0.99837302, 0.99837302, 0.83197752, 0.83197752, 0.        ,
       0.        , 0.        , 1.03331663, 1.03331663])], a: [5 1 1 0 0 3 1 0 1 3 1 0 3 0 1 1 0 1 1 1 0 3 2 0 1 1 4 1], pi: [array([0.11521587, 0.17769915, 0.19533776, 0.13436784, 0.15626897,
       0.22111034], dtype=float32), array([0.26114523, 0.26034233, 0.2723883 , 0.20612408], dtype=float32), array([0.7006128, 0.2993872], dtype=float32), array([0.5027931, 0.4972069], dtype=float32), array([0.6695894 , 0.33041057], dtype=float32), array([0.21911053, 0.25239208, 0.333905  , 0.1945924 ], dtype=float32), array([0.45941156, 0.54058844], dtype=float32), array([0.2453802 , 0.1886236 , 0.27016598, 0.2958302 ], dtype=float32), array([0.53532106, 0.46467903], dtype=float32), array([0.19479108, 0.21395037, 0.26470903, 0.16780375, 0.15874578],
      dtype=float32), array([0.47991836, 0.52008164], dtype=float32), array([0.569848, 0.430152], dtype=float32), array([0.36743382, 0.1719511 , 0.26841572, 0.19219938], dtype=float32), array([0.4650288 , 0.53497124], dtype=float32), array([0.38931757, 0.61068237], dtype=float32), array([0.24297515, 0.28006637, 0.25446683, 0.22249164], dtype=float32), array([0.5072161, 0.4927838], dtype=float32), array([0.37544417, 0.32214165, 0.30241418], dtype=float32), array([0.16938747, 0.17138305, 0.15748146, 0.18580885, 0.13311778,
       0.18282142], dtype=float32), array([0.28799617, 0.4104839 , 0.3015199 ], dtype=float32), array([0.5230264 , 0.47697356], dtype=float32), array([0.25134933, 0.251724  , 0.24450293, 0.25242376], dtype=float32), array([0.1284458 , 0.34175503, 0.24237318, 0.28742602], dtype=float32), array([0.22895028, 0.282217  , 0.24809676, 0.24073598], dtype=float32), array([0.23952381, 0.34384432, 0.2127332 , 0.20389862], dtype=float32), array([0.27040136, 0.17089619, 0.23049264, 0.32820982], dtype=float32), array([0.09730317, 0.15856777, 0.24458723, 0.1468861 , 0.16410245,
       0.18855329], dtype=float32), array([0.2762207 , 0.40315363, 0.3206256 ], dtype=float32)], r: -734.00, train r: -26.21, done: False
2024-05-20 19:17:53,615 [INFO] Training: global step 30000, episode step 480,
                                   ob: [array([0.65054754, 0.65054754, 0.89450287, 0.89450287, 0.70808157,
       0.70808157, 0.70808157, 0.59445178, 0.59445178, 0.99075297,
       0.99075297, 0.15759613, 0.15759613, 0.15759613]), array([1.00998766, 1.00998766, 1.00998766, 1.00455398, 1.00455398,
       1.00455398, 0.        , 0.        , 0.        , 0.90958092,
       0.90958092, 0.90958092]), array([1.00283152, 1.00283152, 0.94677046, 0.94677046, 0.        ,
       0.        ]), array([0.        , 0.76668452, 0.76668452]), array([1.07604017, 1.07604017, 0.97613883, 0.97613883, 0.52533271,
       0.52533271]), array([1.09223301, 1.09223301, 1.09223301, 0.69988802, 0.69988802,
       0.69988802, 0.39938761, 0.39938761, 0.39938761, 1.00522718,
       1.00522718, 1.00522718]), array([0., 0., 0., 0., 0.]), array([0.77479339, 0.77479339, 0.77479339, 0.        , 0.        ,
       0.        , 0.97276265, 0.97276265, 0.97276265, 0.        ,
       0.        , 0.        ]), array([0.90799031, 0.90799031, 1.05022405, 1.05022405, 0.98325938,
       0.98325938]), array([1.07565436, 1.07565436, 1.07565436, 0.        , 0.        ,
       0.98184674, 0.98184674, 0.98184674, 0.98184674, 0.        ,
       0.        , 0.97956361, 0.97956361, 0.97956361, 1.40537164,
       1.40537164, 1.40537164, 1.40537164]), array([0.        , 0.99946695, 0.87582717, 0.87582717, 0.43507085,
       0.43507085]), array([1.04570101, 0.97150259]), array([0.95744681, 0.95744681, 0.95744681, 0.        , 0.        ,
       0.        , 0.64036885, 0.64036885, 0.64036885, 0.77365164,
       0.77365164, 0.77365164]), array([0.        , 0.        , 0.        , 0.        , 0.95846645,
       0.95846645]), array([1.13395827, 1.13395827, 0.90716662, 0.99509088]), array([0., 0., 0., 0., 0., 0., 0., 0., 0., 0., 0., 0.]), array([0.12042389, 0.12042389, 0.        , 0.        , 0.        ,
       0.        ]), array([0.62937063, 0.62937063, 0.62937063, 0.        , 0.        ,
       0.        , 1.05269874, 1.05269874, 1.05269874]), array([0.29632556, 0.29632556, 1.18530225, 1.18530225, 0.9603073 ,
       0.9603073 , 0.9603073 , 0.        , 0.        , 0.        ,
       0.        , 0.62361419, 0.62361419, 0.62361419]), array([0.37965072, 0.37965072, 1.0215664 , 1.0215664 , 0.95858896,
       0.95858896]), array([0.92052777, 0.92052777, 0.11455629]), array([0., 0., 0., 0., 0., 0., 0., 0., 0., 0., 0., 0.]), array([0.        , 0.        , 0.        , 0.        , 0.        ,
       0.        , 1.00925147, 1.00925147, 1.00925147, 0.        ,
       0.        , 0.        ]), array([0.96312603, 0.4127683 , 0.4127683 , 0.        , 0.        ,
       0.27056277, 0.27056277, 1.06685633, 0.3777386 , 0.3777386 ,
       0.75547721]), array([0., 0., 0., 0., 0., 0., 0., 0., 0., 0., 0., 0.]), array([0.92936803, 0.92936803, 0.39830058, 0.        , 0.        ,
       0.        , 1.01499944, 1.01499944, 1.01499944, 0.47950132,
       0.47950132, 0.47950132]), array([0.        , 1.18421053, 1.18421053, 1.01488498, 1.01488498,
       0.91491308, 0.91491308, 0.91491308, 1.03702566, 1.03702566,
       1.03702566, 0.94587493, 0.94587493, 0.        , 0.        ,
       1.00603622, 1.00603622, 1.00603622, 0.72886297, 0.72886297,
       1.09329446, 1.09329446]), array([0.99837302, 0.99837302, 0.94290785, 0.94290785, 0.        ,
       0.        , 0.        , 1.03331663, 1.03331663])], a: [0 2 1 0 0 1 1 1 1 1 0 0 3 1 0 3 0 1 0 1 0 1 1 0 0 3 5 2], pi: [array([0.13798712, 0.14811543, 0.17404531, 0.20038398, 0.08284099,
       0.25662723], dtype=float32), array([0.26814878, 0.22068842, 0.36376378, 0.147399  ], dtype=float32), array([0.695131  , 0.30486903], dtype=float32), array([0.5430112, 0.4569888], dtype=float32), array([0.6744432 , 0.32555678], dtype=float32), array([0.20154953, 0.31289375, 0.29616815, 0.1893886 ], dtype=float32), array([0.49889854, 0.50110155], dtype=float32), array([0.21214451, 0.23200963, 0.31152534, 0.24432051], dtype=float32), array([0.5048573, 0.4951427], dtype=float32), array([0.14557241, 0.1828974 , 0.2716212 , 0.24568504, 0.15422393],
      dtype=float32), array([0.5011378 , 0.49886218], dtype=float32), array([0.54185987, 0.4581402 ], dtype=float32), array([0.5698425 , 0.14253055, 0.16629599, 0.12133096], dtype=float32), array([0.44806004, 0.55193996], dtype=float32), array([0.40988508, 0.5901149 ], dtype=float32), array([0.2757254 , 0.23810257, 0.2480998 , 0.23807229], dtype=float32), array([0.50934756, 0.4906525 ], dtype=float32), array([0.32172316, 0.3024735 , 0.37580338], dtype=float32), array([0.20998804, 0.18483903, 0.1957744 , 0.12491791, 0.09626512,
       0.18821548], dtype=float32), array([0.2677203 , 0.36300194, 0.36927775], dtype=float32), array([0.5378387 , 0.46216133], dtype=float32), array([0.25093737, 0.25157192, 0.24518494, 0.2523058 ], dtype=float32), array([0.1204012 , 0.33167255, 0.1642221 , 0.38370422], dtype=float32), array([0.25785458, 0.280983  , 0.30062947, 0.160533  ], dtype=float32), array([0.21853527, 0.31934777, 0.23665646, 0.22546043], dtype=float32), array([0.17697693, 0.07032734, 0.14993876, 0.60275704], dtype=float32), array([0.07948833, 0.1615933 , 0.23286049, 0.11011323, 0.11674989,
       0.29919475], dtype=float32), array([0.22306758, 0.36226466, 0.41466773], dtype=float32)], r: -984.00, train r: -35.14, done: False
2024-05-20 19:29:25,336 [INFO] Training: global step 40000, episode step 400,
                                   ob: [array([0.24395533, 0.24395533, 0.40659222, 0.40659222, 0.4956571 ,
       0.4956571 , 0.4956571 , 0.39630119, 0.39630119, 0.99075297,
       0.99075297, 0.        , 0.        , 0.        ]), array([0.33666255, 0.33666255, 0.33666255, 0.40182159, 0.40182159,
       0.40182159, 0.99381625, 0.99381625, 0.99381625, 0.        ,
       0.        , 0.        ]), array([1.00283152, 1.00283152, 0.78897538, 0.78897538, 0.        ,
       0.        ]), array([0.        , 0.62064937, 0.62064937]), array([1.07604017, 1.07604017, 0.97613883, 0.97613883, 0.35022181,
       0.35022181]), array([0.       , 0.       , 0.       , 0.       , 0.       , 0.       ,
       0.1996938, 0.1996938, 0.1996938, 0.       , 0.       , 0.       ]), array([0., 0., 0., 0., 0.]), array([0.46487603, 0.46487603, 0.46487603, 0.53603335, 0.53603335,
       0.53603335, 0.97276265, 0.97276265, 0.97276265, 1.00188232,
       1.00188232, 1.00188232]), array([0.45399516, 0.45399516, 0.42008962, 0.42008962, 0.75635337,
       0.75635337]), array([0.        , 0.        , 0.        , 0.        , 0.        ,
       0.91639029, 0.91639029, 0.91639029, 0.91639029, 0.        ,
       0.        , 0.05762139, 0.05762139, 0.05762139, 1.40537164,
       1.40537164, 1.40537164, 1.40537164]), array([0.29984009, 0.        , 0.87582717, 0.87582717, 0.43507085,
       0.43507085]), array([0.116189  , 0.10794473]), array([0.63829787, 0.63829787, 0.63829787, 0.28047868, 0.28047868,
       0.28047868, 0.06403689, 0.06403689, 0.06403689, 0.11052166,
       0.11052166, 0.11052166]), array([0.        , 0.        , 0.        , 0.        , 0.95846645,
       0.95846645]), array([0.68037496, 0.68037496, 0.        , 0.        ]), array([0., 0., 0., 0., 0., 0., 0., 0., 0., 0., 0., 0.]), array([0., 0., 0., 0., 0., 0.]), array([0.83916084, 0.83916084, 0.83916084, 0.        , 0.        ,
       0.        , 0.95699885, 0.95699885, 0.95699885]), array([0.88897669, 0.88897669, 0.        , 0.        , 0.9603073 ,
       0.9603073 , 0.9603073 , 0.        , 0.        , 0.        ,
       0.        , 0.62361419, 0.62361419, 0.62361419]), array([0.9491268 , 0.9491268 , 0.        , 0.        , 0.95858896,
       0.95858896]), array([0.92052777, 0.92052777, 0.        ]), array([0.        , 0.        , 0.        , 0.15239256, 0.15239256,
       0.15239256, 0.        , 0.        , 0.        , 0.        ,
       0.        , 0.        ]), array([0.        , 0.        , 0.        , 0.        , 0.        ,
       0.        , 1.00925147, 1.00925147, 1.00925147, 0.        ,
       0.        , 0.        ]), array([0.27517887, 0.13758943, 0.13758943, 0.04554011, 0.04554011,
       0.72150072, 0.72150072, 0.93349929, 0.94434651, 0.94434651,
       0.75547721]), array([0.        , 0.        , 0.        , 0.22907758, 0.22907758,
       0.22907758, 0.        , 0.        , 0.        , 0.        ,
       0.        , 0.        ]), array([0.        , 0.        , 0.        , 0.        , 0.        ,
       0.        , 0.84583286, 0.84583286, 0.84583286, 0.11987533,
       0.11987533, 0.11987533]), array([0.        , 0.        , 0.        , 0.        , 0.        ,
       0.60994206, 0.60994206, 0.        , 0.        , 0.        ,
       0.        , 0.94587493, 0.94587493, 0.07882291, 0.07882291,
       0.        , 0.        , 0.        , 0.        , 0.        ,
       0.        , 0.        ]), array([0.44372134, 0.44372134, 0.        , 0.        , 0.        ,
       0.        , 0.        , 0.28181363, 0.28181363])], a: [0 2 1 0 1 2 1 3 0 4 0 0 0 0 1 3 1 2 2 2 1 3 3 1 2 0 4 1], pi: [array([0.20438837, 0.1486473 , 0.17269772, 0.17775114, 0.09654394,
       0.19997153], dtype=float32), array([0.38810676, 0.25785294, 0.25661922, 0.09742106], dtype=float32), array([0.6556772 , 0.34432277], dtype=float32), array([0.5176564 , 0.48234367], dtype=float32), array([0.7520205 , 0.24797952], dtype=float32), array([0.21743736, 0.22278135, 0.3488506 , 0.21093073], dtype=float32), array([0.49659878, 0.5034013 ], dtype=float32), array([0.17510824, 0.22692224, 0.24292637, 0.3550431 ], dtype=float32), array([0.5090022 , 0.49099776], dtype=float32), array([0.16194962, 0.17296901, 0.28803718, 0.23056197, 0.14648224],
      dtype=float32), array([0.6033907, 0.3966093], dtype=float32), array([0.5047216, 0.4952784], dtype=float32), array([0.5187594 , 0.1548584 , 0.13739312, 0.18898909], dtype=float32), array([0.4467398 , 0.55326015], dtype=float32), array([0.46643797, 0.53356206], dtype=float32), array([0.26982   , 0.25362664, 0.22234365, 0.25420964], dtype=float32), array([0.5316893 , 0.46831065], dtype=float32), array([0.18985045, 0.21168508, 0.5984644 ], dtype=float32), array([0.38659316, 0.15841986, 0.13521545, 0.08448037, 0.08173715,
       0.1535539 ], dtype=float32), array([0.20859219, 0.29878333, 0.49262443], dtype=float32), array([0.50926644, 0.49073362], dtype=float32), array([0.25294167, 0.24978875, 0.23970358, 0.25756606], dtype=float32), array([0.12025744, 0.30014998, 0.30193496, 0.2776576 ], dtype=float32), array([0.27770638, 0.3154182 , 0.31288227, 0.09399318], dtype=float32), array([0.25808015, 0.35173342, 0.19345382, 0.19673261], dtype=float32), array([0.35430992, 0.03320204, 0.11300328, 0.49948478], dtype=float32), array([0.06313529, 0.08100636, 0.46856156, 0.10367219, 0.08331019,
       0.20031443], dtype=float32), array([0.22271085, 0.33930993, 0.43797925], dtype=float32)], r: -551.00, train r: -19.68, done: False
2024-05-20 19:40:49,266 [INFO] Training: global step 50000, episode step 320,
                                   ob: [array([0.5692291 , 0.5692291 , 0.16263689, 0.16263689, 0.9913142 ,
       0.9913142 , 0.9913142 , 0.49537649, 0.49537649, 0.49537649,
       0.49537649, 0.        , 0.        , 0.        ]), array([0.        , 0.        , 0.        , 0.        , 0.        ,
       0.        , 0.82818021, 0.82818021, 0.82818021, 0.40425819,
       0.40425819, 0.40425819]), array([1.00283152, 1.00283152, 0.94677046, 0.94677046, 0.        ,
       0.        ]), array([0.        , 0.91271966, 0.91271966]), array([0.80703013, 0.80703013, 0.97613883, 0.97613883, 0.35022181,
       0.35022181]), array([0., 0., 0., 0., 0., 0., 0., 0., 0., 0., 0., 0.]), array([0., 0., 0., 0., 0.]), array([0.61983471, 0.61983471, 0.61983471, 0.        , 0.        ,
       0.        , 0.97276265, 0.97276265, 0.97276265, 0.22770053,
       0.22770053, 0.22770053]), array([0.90799031, 0.90799031, 0.        , 0.        , 0.37817668,
       0.37817668]), array([0.26891359, 0.26891359, 0.26891359, 0.        , 0.        ,
       0.98184674, 0.98184674, 0.98184674, 0.98184674, 0.        ,
       0.        , 0.        , 0.        , 0.        , 1.40537164,
       1.40537164, 1.40537164, 1.40537164]), array([0.99946695, 0.        , 0.        , 0.        , 0.24861192,
       0.24861192]), array([0.116189, 0.      ]), array([0.        , 0.        , 0.        , 0.98167539, 0.98167539,
       0.98167539, 0.12807377, 0.12807377, 0.12807377, 0.55260831,
       0.55260831, 0.55260831]), array([0.        , 0.        , 0.        , 0.        , 0.86261981,
       0.86261981]), array([0., 0., 0., 0.]), array([0., 0., 0., 0., 0., 0., 0., 0., 0., 0., 0., 0.]), array([0., 0., 0., 0., 0., 0.]), array([1.04895105, 1.04895105, 1.04895105, 0.        , 0.        ,
       0.        , 1.05269874, 1.05269874, 1.05269874]), array([0.88897669, 0.88897669, 0.        , 0.        , 0.9603073 ,
       0.9603073 , 0.9603073 , 0.        , 0.        , 0.        ,
       0.        , 0.2078714 , 0.2078714 , 0.2078714 ]), array([0.9491268, 0.9491268, 0.       , 0.       , 0.       , 0.       ]), array([0., 0., 0.]), array([0., 0., 0., 0., 0., 0., 0., 0., 0., 0., 0., 0.]), array([0.        , 0.        , 0.        , 0.        , 0.        ,
       0.        , 1.00925147, 1.00925147, 1.00925147, 0.        ,
       0.        , 0.        ]), array([0.55035773, 0.        , 0.        , 0.        , 0.        ,
       0.        , 0.        , 0.        , 0.        , 0.        ,
       0.        ]), array([0., 0., 0., 0., 0., 0., 0., 0., 0., 0., 0., 0.]), array([0.26553372, 0.26553372, 0.        , 0.96068578, 0.96068578,
       0.        , 0.        , 0.        , 0.        , 0.11987533,
       0.11987533, 0.11987533]), array([1.18421053, 0.        , 0.        , 0.        , 0.        ,
       0.15248551, 0.15248551, 0.        , 0.11522507, 0.11522507,
       0.11522507, 1.02469785, 1.02469785, 0.        , 0.        ,
       0.        , 0.        , 0.        , 0.        , 0.        ,
       0.        , 0.        ]), array([0.        , 0.        , 0.        , 0.        , 0.        ,
       0.        , 0.        , 0.09393788, 0.09393788])], a: [2 1 1 0 1 2 0 3 0 3 0 0 2 0 0 0 0 2 1 1 1 2 0 1 1 0 5 2], pi: [array([0.26547906, 0.1774981 , 0.19129728, 0.14829515, 0.0542821 ,
       0.16314827], dtype=float32), array([0.45732784, 0.2579923 , 0.24078204, 0.04389788], dtype=float32), array([0.5658293 , 0.43417072], dtype=float32), array([0.5328404 , 0.46715966], dtype=float32), array([0.37281558, 0.62718445], dtype=float32), array([0.29297432, 0.1726142 , 0.39035872, 0.14405277], dtype=float32), array([0.4892322, 0.5107679], dtype=float32), array([0.23658022, 0.1819406 , 0.24012005, 0.34135914], dtype=float32), array([0.5832399 , 0.41676012], dtype=float32), array([0.13818356, 0.29939365, 0.23890829, 0.14372042, 0.17979412],
      dtype=float32), array([0.58504665, 0.41495332], dtype=float32), array([0.52399963, 0.47600046], dtype=float32), array([0.68828833, 0.13811126, 0.06720973, 0.10639071], dtype=float32), array([0.44794336, 0.55205667], dtype=float32), array([0.447466 , 0.5525339], dtype=float32), array([0.27822042, 0.36820093, 0.18239024, 0.17118846], dtype=float32), array([0.5164611 , 0.48353896], dtype=float32), array([0.27951014, 0.14977285, 0.57071704], dtype=float32), array([0.67138135, 0.12466175, 0.05165572, 0.05763217, 0.03911725,
       0.05555175], dtype=float32), array([0.1073561 , 0.24632782, 0.646316  ], dtype=float32), array([0.3546643 , 0.64533573], dtype=float32), array([0.24696763, 0.24410367, 0.24699767, 0.2619311 ], dtype=float32), array([0.22601327, 0.30548576, 0.22452004, 0.24398085], dtype=float32), array([0.1198047 , 0.42348006, 0.4259467 , 0.03076854], dtype=float32), array([0.25601617, 0.29952925, 0.19552787, 0.24892671], dtype=float32), array([0.32880798, 0.02077728, 0.0787856 , 0.57162917], dtype=float32), array([0.01867739, 0.03937779, 0.64846206, 0.0341624 , 0.06249515,
       0.19682525], dtype=float32), array([0.13757217, 0.43796685, 0.42446095], dtype=float32)], r: -457.00, train r: -16.32, done: False
2024-05-20 19:52:17,692 [INFO] Training: global step 60000, episode step 240,
                                   ob: [array([0.32527377, 0.32527377, 0.16263689, 0.16263689, 0.84969789,
       0.84969789, 0.84969789, 0.89167768, 0.89167768, 0.99075297,
       0.99075297, 0.        , 0.        , 0.        ]), array([0.        , 0.        , 0.        , 0.1004554 , 0.1004554 ,
       0.1004554 , 0.99381625, 0.99381625, 0.99381625, 0.        ,
       0.        , 0.        ]), array([0.11798018, 0.11798018, 0.        , 0.        , 0.066313  ,
       0.066313  ]), array([0.        , 0.03650879, 0.03650879]), array([0.        , 0.        , 0.32537961, 0.32537961, 0.        ,
       0.        ]), array([0.        , 0.        , 0.        , 0.        , 0.        ,
       0.        , 0.        , 0.        , 0.        , 0.40209087,
       0.40209087, 0.40209087]), array([0., 0., 0., 0., 0.]), array([0.        , 0.        , 0.        , 0.08933889, 0.08933889,
       0.08933889, 0.64850843, 0.64850843, 0.64850843, 0.        ,
       0.        , 0.        ]), array([0.        , 0.        , 0.        , 0.        , 0.98325938,
       0.98325938]), array([0.        , 0.        , 0.        , 0.        , 0.        ,
       0.32728225, 0.32728225, 0.32728225, 0.32728225, 0.        ,
       0.        , 0.        , 0.        , 0.        , 0.        ,
       0.        , 0.        , 0.        ]), array([0.        , 0.49973348, 0.        , 0.58388478, 0.24861192,
       0.24861192]), array([0.116189, 0.      ]), array([0., 0., 0., 0., 0., 0., 0., 0., 0., 0., 0., 0.]), array([0.        , 0.        , 0.        , 0.        , 0.95846645,
       0.95846645]), array([0.45358331, 0.45358331, 0.        , 0.09950909]), array([1.07867108, 1.07867108, 1.07867108, 0.30895984, 0.30895984,
       0.30895984, 0.97248235, 0.97248235, 0.97248235, 0.        ,
       0.        , 0.        ]), array([0., 0., 0., 0., 0., 0.]), array([0.        , 0.        , 0.        , 0.        , 0.        ,
       0.        , 0.38279954, 0.38279954, 0.38279954]), array([0.        , 0.        , 0.88897669, 0.88897669, 0.73869792,
       0.73869792, 0.73869792, 0.        , 0.        , 0.        ,
       0.        , 0.62361419, 0.62361419, 0.62361419]), array([0.9491268 , 0.9491268 , 0.        , 0.        , 0.95858896,
       0.95858896]), array([0.92052777, 0.92052777, 0.        ]), array([0.        , 0.        , 0.        , 0.        , 0.        ,
       0.        , 0.11164037, 0.11164037, 0.11164037, 0.        ,
       0.        , 0.        ]), array([0.        , 0.        , 0.        , 0.        , 0.        ,
       0.        , 1.00925147, 1.00925147, 1.00925147, 0.        ,
       0.        , 0.        ]), array([0.        , 0.        , 0.        , 0.04554011, 0.04554011,
       0.99206349, 0.99206349, 1.06685633, 0.        , 0.        ,
       0.        ]), array([0., 0., 0., 0., 0., 0., 0., 0., 0., 0., 0., 0.]), array([0.        , 0.        , 0.        , 0.22169672, 0.22169672,
       0.        , 0.        , 0.        , 0.        , 0.        ,
       0.        , 0.        ]), array([0.        , 0.        , 0.        , 0.        , 0.        ,
       0.        , 0.        , 0.        , 0.        , 0.        ,
       0.        , 0.86705202, 0.86705202, 0.15764582, 0.15764582,
       0.12575453, 0.12575453, 0.12575453, 0.        , 0.        ,
       0.        , 0.        ]), array([0.05546517, 0.05546517, 0.        , 0.        , 0.05608735,
       0.05608735, 0.        , 0.        , 0.        ])], a: [3 0 0 0 0 0 0 3 0 4 0 0 1 1 1 3 0 2 0 1 1 0 0 2 3 3 2 2], pi: [array([0.20636943, 0.191265  , 0.14868918, 0.2227691 , 0.08238146,
       0.14852588], dtype=float32), array([0.79758114, 0.1526243 , 0.04350297, 0.00629167], dtype=float32), array([0.36634222, 0.6336578 ], dtype=float32), array([0.505135  , 0.49486503], dtype=float32), array([0.4794478, 0.5205522], dtype=float32), array([0.2105442 , 0.23286326, 0.32522976, 0.2313628 ], dtype=float32), array([0.4812023 , 0.51879764], dtype=float32), array([0.12610632, 0.24104021, 0.10727967, 0.52557373], dtype=float32), array([0.7222006 , 0.27779943], dtype=float32), array([0.15594743, 0.23141652, 0.11874598, 0.0944869 , 0.39940313],
      dtype=float32), array([0.6624631 , 0.33753687], dtype=float32), array([0.5318894 , 0.46811065], dtype=float32), array([0.5418256 , 0.22661409, 0.05222531, 0.17933498], dtype=float32), array([0.40085992, 0.59914005], dtype=float32), array([0.19670156, 0.8032985 ], dtype=float32), array([0.09035215, 0.16266899, 0.09980129, 0.6471776 ], dtype=float32), array([0.5451681 , 0.45483193], dtype=float32), array([0.12232272, 0.18678698, 0.6908903 ], dtype=float32), array([0.46241128, 0.24182664, 0.05078112, 0.07197742, 0.06291284,
       0.11009069], dtype=float32), array([0.05199523, 0.56090426, 0.38710055], dtype=float32), array([0.26343393, 0.73656607], dtype=float32), array([0.25033033, 0.2439307 , 0.23562312, 0.27011585], dtype=float32), array([0.3054429 , 0.20556194, 0.1716038 , 0.3173913 ], dtype=float32), array([0.01980834, 0.05788024, 0.916862  , 0.00544939], dtype=float32), array([0.33935505, 0.42400053, 0.08836389, 0.14828053], dtype=float32), array([0.22473262, 0.01246645, 0.04466815, 0.7181328 ], dtype=float32), array([0.02661505, 0.03937749, 0.5514157 , 0.04183362, 0.13033386,
       0.21042433], dtype=float32), array([0.10621204, 0.3954804 , 0.4983075 ], dtype=float32)], r: -358.00, train r: -12.79, done: False
2024-05-20 20:03:46,597 [INFO] Training: global step 70000, episode step 160,
                                   ob: [array([0.        , 0.        , 0.        , 0.        , 0.9913142 ,
       0.9913142 , 0.9913142 , 0.19815059, 0.19815059, 0.0990753 ,
       0.0990753 , 0.        , 0.        , 0.        ]), array([0., 0., 0., 0., 0., 0., 0., 0., 0., 0., 0., 0.]), array([0., 0., 0., 0., 0., 0.]), array([0., 0., 0.]), array([0.        , 0.        , 0.        , 0.        , 0.70044361,
       0.70044361]), array([0., 0., 0., 0., 0., 0., 0., 0., 0., 0., 0., 0.]), array([0., 0., 0., 0., 0.]), array([0.        , 0.        , 0.        , 0.53603335, 0.53603335,
       0.53603335, 0.        , 0.        , 0.        , 0.04554011,
       0.04554011, 0.04554011]), array([0.90799031, 0.90799031, 0.        , 0.        , 0.        ,
       0.        ]), array([0.        , 0.        , 0.        , 0.        , 0.        ,
       0.        , 0.        , 0.        , 0.        , 0.17286417,
       0.17286417, 0.        , 0.        , 0.        , 0.        ,
       0.        , 0.        , 0.        ]), array([0.        , 0.        , 0.        , 0.29194239, 0.        ,
       0.        ]), array([0., 0.]), array([0.        , 0.        , 0.        , 0.28047868, 0.28047868,
       0.28047868, 0.        , 0.        , 0.        , 0.        ,
       0.        , 0.        ]), array([0.        , 0.        , 0.        , 0.        , 0.95846645,
       0.95846645]), array([0., 0., 0., 0.]), array([0.        , 0.        , 0.        , 0.        , 0.        ,
       0.        , 0.21610719, 0.21610719, 0.21610719, 0.        ,
       0.        , 0.        ]), array([0., 0., 0., 0., 0., 0.]), array([0.        , 0.        , 0.        , 0.        , 0.        ,
       0.        , 0.47849943, 0.47849943, 0.47849943]), array([0.        , 0.        , 0.        , 0.        , 0.88643751,
       0.88643751, 0.88643751, 0.        , 0.        , 0.        ,
       0.        , 0.62361419, 0.62361419, 0.62361419]), array([0.       , 0.       , 1.0215664, 1.0215664, 0.       , 0.       ]), array([0.        , 0.        , 0.11455629]), array([0., 0., 0., 0., 0., 0., 0., 0., 0., 0., 0., 0.]), array([0.        , 0.        , 0.        , 0.        , 0.        ,
       0.        , 0.92514718, 0.92514718, 0.92514718, 0.        ,
       0.        , 0.        ]), array([0.        , 0.        , 0.        , 0.        , 0.        ,
       0.36075036, 0.36075036, 0.26671408, 0.        , 0.        ,
       0.        ]), array([0.        , 0.        , 0.        , 0.        , 0.        ,
       0.        , 0.        , 0.        , 0.        , 0.06860593,
       0.06860593, 0.06860593]), array([0.        , 0.        , 0.        , 0.96068578, 0.96068578,
       0.        , 0.        , 0.        , 0.        , 0.        ,
       0.        , 0.        ]), array([0.78947368, 0.        , 0.        , 0.        , 0.        ,
       0.        , 0.        , 0.        , 0.        , 0.        ,
       0.        , 0.94587493, 0.94587493, 0.        , 0.        ,
       0.        , 0.        , 0.        , 0.        , 0.        ,
       0.        , 0.        ]), array([0.        , 0.        , 0.        , 0.        , 0.05608735,
       0.05608735, 0.        , 0.        , 0.        ])], a: [0 0 0 1 0 0 0 2 0 1 0 0 0 1 1 3 1 2 0 2 0 3 2 2 0 3 5 1], pi: [array([0.15418133, 0.41132152, 0.14968744, 0.18415713, 0.05254695,
       0.04810558], dtype=float32), array([0.69713956, 0.26379806, 0.03354129, 0.00552109], dtype=float32), array([0.28182304, 0.7181769 ], dtype=float32), array([0.50412285, 0.49587712], dtype=float32), array([0.30288777, 0.6971122 ], dtype=float32), array([0.21675788, 0.28958982, 0.3250031 , 0.16864921], dtype=float32), array([0.5173951 , 0.48260498], dtype=float32), array([0.10516611, 0.08088854, 0.1463041 , 0.6676413 ], dtype=float32), array([0.7497997 , 0.25020027], dtype=float32), array([0.25248805, 0.3394188 , 0.12848116, 0.12496759, 0.15464436],
      dtype=float32), array([0.30572432, 0.6942757 ], dtype=float32), array([0.51817065, 0.48182932], dtype=float32), array([0.8182181 , 0.10210411, 0.02467677, 0.05500102], dtype=float32), array([0.3434937, 0.6565063], dtype=float32), array([0.22177497, 0.778225  ], dtype=float32), array([0.05627486, 0.09709548, 0.07279044, 0.7738392 ], dtype=float32), array([0.5833273 , 0.41667277], dtype=float32), array([0.15846398, 0.1220183 , 0.7195177 ], dtype=float32), array([0.39948747, 0.32195297, 0.02398483, 0.08168118, 0.05374335,
       0.11915021], dtype=float32), array([0.05770551, 0.6438198 , 0.2984746 ], dtype=float32), array([0.35811648, 0.6418835 ], dtype=float32), array([0.25196987, 0.24549723, 0.23450057, 0.2680323 ], dtype=float32), array([0.08217026, 0.2097355 , 0.3174703 , 0.39062396], dtype=float32), array([0.00710165, 0.0218122 , 0.9690252 , 0.00206089], dtype=float32), array([0.29027763, 0.55156696, 0.08562803, 0.07252727], dtype=float32), array([0.17041348, 0.0053182 , 0.03038013, 0.79388815], dtype=float32), array([0.02148128, 0.12969477, 0.21642818, 0.05355957, 0.3318804 ,
       0.24695581], dtype=float32), array([0.08125882, 0.6448897 , 0.27385142], dtype=float32)], r: -210.00, train r: -7.50, done: False
2024-05-20 20:15:08,660 [INFO] Training: global step 80000, episode step 80,
                                   ob: [array([0.        , 0.        , 0.        , 0.        , 0.        ,
       0.        , 0.        , 0.0990753 , 0.0990753 , 0.19815059,
       0.19815059, 0.        , 0.        , 0.        ]), array([0., 0., 0., 0., 0., 0., 0., 0., 0., 0., 0., 0.]), array([0., 0., 0., 0., 0., 0.]), array([0., 0., 0.]), array([0., 0., 0., 0., 0., 0.]), array([0., 0., 0., 0., 0., 0., 0., 0., 0., 0., 0., 0.]), array([0., 0., 0., 0., 0.]), array([0., 0., 0., 0., 0., 0., 0., 0., 0., 0., 0., 0.]), array([0.90799031, 0.90799031, 0.        , 0.        , 0.        ,
       0.        ]), array([0., 0., 0., 0., 0., 0., 0., 0., 0., 0., 0., 0., 0., 0., 0., 0., 0.,
       0.]), array([0.        , 0.        , 0.        , 0.29194239, 0.        ,
       0.        ]), array([0., 0.]), array([0., 0., 0., 0., 0., 0., 0., 0., 0., 0., 0., 0.]), array([0., 0., 0., 0., 0., 0.]), array([0., 0., 0., 0.]), array([0., 0., 0., 0., 0., 0., 0., 0., 0., 0., 0., 0.]), array([0., 0., 0., 0., 0., 0.]), array([0.        , 0.        , 0.        , 0.        , 0.        ,
       0.        , 0.38279954, 0.38279954, 0.38279954]), array([0.        , 0.        , 0.        , 0.        , 0.9603073 ,
       0.9603073 , 0.9603073 , 0.        , 0.        , 0.        ,
       0.        , 0.62361419, 0.62361419, 0.62361419]), array([0.        , 0.        , 0.85130533, 0.85130533, 0.        ,
       0.        ]), array([0.23013194, 0.23013194, 0.        ]), array([0., 0., 0., 0., 0., 0., 0., 0., 0., 0., 0., 0.]), array([0.        , 0.        , 0.        , 0.        , 0.        ,
       0.        , 0.04205214, 0.04205214, 0.04205214, 0.        ,
       0.        , 0.        ]), array([0.       , 0.       , 0.       , 0.       , 0.       , 0.       ,
       0.       , 0.       , 0.       , 0.       , 0.3777386]), array([0., 0., 0., 0., 0., 0., 0., 0., 0., 0., 0., 0.]), array([0., 0., 0., 0., 0., 0., 0., 0., 0., 0., 0., 0.]), array([0.78947368, 0.        , 0.        , 0.        , 0.        ,
       0.        , 0.        , 0.        , 0.        , 0.        ,
       0.        , 0.23646873, 0.23646873, 0.        , 0.        ,
       0.        , 0.        , 0.        , 0.        , 0.        ,
       0.        , 0.        ]), array([0.        , 0.        , 0.        , 0.        , 0.05608735,
       0.05608735, 0.        , 0.        , 0.        ])], a: [4 1 1 0 0 2 1 2 0 1 1 0 0 0 1 1 0 0 5 2 0 0 2 2 2 0 1 1], pi: [array([0.18345748, 0.45908648, 0.04936885, 0.09646354, 0.13784549,
       0.07377822], dtype=float32), array([0.85007584, 0.06411353, 0.06540101, 0.02040952], dtype=float32), array([0.17138435, 0.8286156 ], dtype=float32), array([0.5127723 , 0.48722765], dtype=float32), array([0.4374146 , 0.56258535], dtype=float32), array([0.14420384, 0.0755166 , 0.4679152 , 0.31236428], dtype=float32), array([0.5648145 , 0.43518552], dtype=float32), array([0.25215897, 0.1667341 , 0.20118868, 0.37991822], dtype=float32), array([0.7068653 , 0.29313472], dtype=float32), array([0.28322503, 0.269167  , 0.18280241, 0.13338083, 0.13142473],
      dtype=float32), array([0.44071642, 0.5592836 ], dtype=float32), array([0.51995146, 0.48004848], dtype=float32), array([0.4922052 , 0.26546243, 0.12154934, 0.12078301], dtype=float32), array([0.45568788, 0.54431206], dtype=float32), array([0.19362877, 0.8063712 ], dtype=float32), array([0.16681284, 0.06973345, 0.15398625, 0.6094675 ], dtype=float32), array([0.5945721 , 0.40542787], dtype=float32), array([0.05343949, 0.04873604, 0.8978244 ], dtype=float32), array([0.4010908 , 0.32707036, 0.02845654, 0.10001669, 0.06539939,
       0.07796625], dtype=float32), array([0.05962452, 0.327161  , 0.6132145 ], dtype=float32), array([0.13261376, 0.86738616], dtype=float32), array([0.24571487, 0.2526348 , 0.23441286, 0.26723745], dtype=float32), array([0.1990702 , 0.07910893, 0.593929  , 0.12789187], dtype=float32), array([0.05981557, 0.03366357, 0.85895467, 0.04756616], dtype=float32), array([0.33191714, 0.40103236, 0.12950186, 0.13754864], dtype=float32), array([0.5618914 , 0.03891395, 0.22704226, 0.17215236], dtype=float32), array([0.16214508, 0.12642731, 0.20378911, 0.13534774, 0.15408792,
       0.21820281], dtype=float32), array([0.32406422, 0.48144782, 0.19448794], dtype=float32)], r: -63.00, train r: -2.25, done: False
2024-05-20 20:26:26,742 [INFO] Training: global step 90000, episode step 720,
                                   ob: [array([0.97582132, 0.97582132, 0.        , 0.        , 0.9913142 ,
       0.9913142 , 0.9913142 , 0.        , 0.        , 0.        ,
       0.        , 0.        , 0.        , 0.        ]), array([0.92582202, 0.92582202, 0.92582202, 0.1004554 , 0.1004554 ,
       0.1004554 , 0.82818021, 0.82818021, 0.82818021, 0.10106455,
       0.10106455, 0.10106455]), array([1.00283152, 1.00283152, 0.94677046, 0.94677046, 0.        ,
       0.        ]), array([0., 0., 0.]), array([1.07604017, 1.07604017, 0.97613883, 0.97613883, 0.52533271,
       0.52533271]), array([0., 0., 0., 0., 0., 0., 0., 0., 0., 0., 0., 0.]), array([0.30254135, 0.30254135, 0.        , 0.        , 0.        ]), array([0.92975207, 0.92975207, 0.92975207, 0.98272781, 0.98272781,
       0.98272781, 0.97276265, 0.97276265, 0.97276265, 0.04554011,
       0.04554011, 0.04554011]), array([0.90799031, 0.90799031, 1.05022405, 1.05022405, 0.98325938,
       0.98325938]), array([1.07565436, 1.07565436, 1.07565436, 0.94119756, 0.94119756,
       0.98184674, 0.98184674, 0.98184674, 0.98184674, 0.80669945,
       0.80669945, 0.92194222, 0.92194222, 0.92194222, 1.40537164,
       1.40537164, 1.40537164, 1.40537164]), array([0.99946695, 0.0999467 , 0.        , 0.        , 0.        ,
       0.        ]), array([1.04570101, 0.97150259]), array([0.        , 0.        , 0.        , 0.14023934, 0.14023934,
       0.14023934, 0.57633197, 0.57633197, 0.57633197, 0.        ,
       0.        , 0.        ]), array([0.        , 0.        , 0.        , 0.        , 0.95846645,
       0.95846645]), array([0.        , 0.        , 0.        , 0.99509088]), array([0.        , 0.        , 0.        , 0.46343975, 0.46343975,
       0.46343975, 0.        , 0.        , 0.        , 0.68723274,
       0.68723274, 0.68723274]), array([1.08381503, 1.08381503, 0.        , 0.        , 0.        ,
       0.        ]), array([1.04895105, 1.04895105, 1.04895105, 0.        , 0.        ,
       0.        , 0.38279954, 0.38279954, 0.38279954]), array([0.88897669, 0.88897669, 0.88897669, 0.88897669, 0.9603073 ,
       0.9603073 , 0.9603073 , 0.        , 0.        , 0.        ,
       0.        , 0.62361419, 0.62361419, 0.62361419]), array([0.85421412, 0.85421412, 0.85130533, 0.85130533, 0.76687117,
       0.76687117]), array([0.34519791, 0.34519791, 0.        ]), array([0., 0., 0., 0., 0., 0., 0., 0., 0., 0., 0., 0.]), array([1.02645985, 1.02645985, 1.02645985, 0.        , 0.        ,
       0.        , 1.00925147, 1.00925147, 1.00925147, 0.        ,
       0.        , 0.        ]), array([0.96312603, 0.8255366 , 0.8255366 , 0.50094116, 0.50094116,
       0.36075036, 0.36075036, 1.06685633, 0.        , 0.        ,
       0.94434651]), array([0.        , 0.        , 0.        , 0.        , 0.        ,
       0.        , 0.13148668, 0.13148668, 0.13148668, 0.        ,
       0.        , 0.        ]), array([0.13276686, 0.13276686, 0.        , 0.29559563, 0.29559563,
       0.        , 1.01499944, 1.01499944, 1.01499944, 0.11987533,
       0.11987533, 0.11987533]), array([0.        , 0.39473684, 0.39473684, 0.        , 0.        ,
       0.        , 0.        , 0.        , 0.11522507, 0.11522507,
       0.11522507, 0.94587493, 0.94587493, 0.        , 0.        ,
       0.        , 0.        , 0.        , 0.        , 0.        ,
       0.        , 0.        ]), array([0.        , 0.        , 0.        , 0.        , 0.        ,
       0.        , 0.        , 0.75150301, 0.75150301])], a: [1 0 1 1 1 2 0 0 0 0 0 0 1 1 1 1 1 2 1 1 1 0 2 2 0 3 4 0], pi: [array([0.08056473, 0.24722075, 0.19738586, 0.3349842 , 0.09523878,
       0.04460565], dtype=float32), array([0.94420433, 0.03765776, 0.01615405, 0.00198383], dtype=float32), array([0.10853574, 0.89146423], dtype=float32), array([0.5130511 , 0.48694894], dtype=float32), array([0.16439554, 0.8356044 ], dtype=float32), array([0.07982572, 0.16942525, 0.448954  , 0.3017951 ], dtype=float32), array([0.511573  , 0.48842698], dtype=float32), array([0.09981017, 0.06352203, 0.43433073, 0.4023371 ], dtype=float32), array([0.856537  , 0.14346306], dtype=float32), array([0.31588116, 0.4362054 , 0.03632943, 0.04644161, 0.16514243],
      dtype=float32), array([0.64060044, 0.3593995 ], dtype=float32), array([0.65414184, 0.34585813], dtype=float32), array([0.07832211, 0.43084595, 0.0179144 , 0.47291756], dtype=float32), array([0.31450874, 0.6854913 ], dtype=float32), array([0.30196607, 0.6980339 ], dtype=float32), array([0.03942247, 0.05292981, 0.1888167 , 0.71883106], dtype=float32), array([0.55431104, 0.44568905], dtype=float32), array([0.02350193, 0.01229851, 0.9641996 ], dtype=float32), array([0.74550456, 0.14540932, 0.01251984, 0.03543097, 0.02517073,
       0.03596467], dtype=float32), array([0.02181298, 0.57800376, 0.4001833 ], dtype=float32), array([0.04321176, 0.9567882 ], dtype=float32), array([0.250452  , 0.2568592 , 0.23146604, 0.26122275], dtype=float32), array([0.20017773, 0.08277199, 0.38488787, 0.3321624 ], dtype=float32), array([2.6271422e-03, 6.2202518e-03, 9.9052811e-01, 6.2448555e-04],
      dtype=float32), array([0.33975333, 0.37876448, 0.19976671, 0.08171555], dtype=float32), array([0.31744778, 0.00508638, 0.05428033, 0.6231855 ], dtype=float32), array([0.04782048, 0.08637271, 0.20853671, 0.06407963, 0.48350513,
       0.10968535], dtype=float32), array([0.32980344, 0.40456006, 0.26563653], dtype=float32)], r: -674.00, train r: -24.07, done: True
2024-05-20 20:37:40,400 [INFO] Training: global step 100000, episode step 640,
                                   ob: [array([0.97582132, 0.97582132, 0.        , 0.        , 0.9913142 ,
       0.9913142 , 0.9913142 , 0.        , 0.        , 0.        ,
       0.        , 0.        , 0.        , 0.        ]), array([0.        , 0.        , 0.        , 0.        , 0.        ,
       0.        , 0.82818021, 0.82818021, 0.82818021, 0.20212909,
       0.20212909, 0.20212909]), array([1.00283152, 1.00283152, 0.63118031, 0.63118031, 0.        ,
       0.        ]), array([0., 0., 0.]), array([1.07604017, 1.07604017, 0.        , 0.        , 0.52533271,
       0.52533271]), array([0., 0., 0., 0., 0., 0., 0., 0., 0., 0., 0., 0.]), array([0.68071803, 0.68071803, 0.        , 0.        , 0.        ]), array([0.92975207, 0.92975207, 0.92975207, 0.17867778, 0.17867778,
       0.17867778, 0.        , 0.        , 0.        , 0.        ,
       0.        , 0.        ]), array([0.90799031, 0.90799031, 0.42008962, 0.42008962, 0.98325938,
       0.98325938]), array([0.        , 0.        , 0.        , 0.        , 0.        ,
       0.98184674, 0.98184674, 0.98184674, 0.98184674, 0.11524278,
       0.11524278, 0.80669945, 0.80669945, 0.80669945, 1.40537164,
       1.40537164, 1.40537164, 1.40537164]), array([0.99946695, 0.39978678, 0.        , 0.        , 0.        ,
       0.        ]), array([1.04570101, 0.97150259]), array([0., 0., 0., 0., 0., 0., 0., 0., 0., 0., 0., 0.]), array([0.        , 0.        , 0.        , 0.        , 0.95846645,
       0.95846645]), array([0.        , 0.        , 0.        , 0.99509088]), array([0.        , 0.        , 0.        , 0.15447992, 0.15447992,
       0.15447992, 0.        , 0.        , 0.        , 0.68723274,
       0.68723274, 0.68723274]), array([1.08381503, 1.08381503, 0.        , 0.        , 0.        ,
       0.        ]), array([1.04895105, 1.04895105, 1.04895105, 0.        , 0.        ,
       0.        , 0.47849943, 0.47849943, 0.47849943]), array([1.18530225, 1.18530225, 0.88897669, 0.88897669, 0.9603073 ,
       0.9603073 , 0.9603073 , 0.        , 0.        , 0.        ,
       0.        , 0.62361419, 0.62361419, 0.62361419]), array([0.9491268 , 0.9491268 , 0.        , 0.        , 0.95858896,
       0.95858896]), array([0., 0., 0.]), array([0., 0., 0., 0., 0., 0., 0., 0., 0., 0., 0., 0.]), array([0.        , 0.        , 0.        , 0.        , 0.        ,
       0.        , 0.92514718, 0.92514718, 0.92514718, 0.        ,
       0.        , 0.        ]), array([0.96312603, 1.10071547, 1.10071547, 0.        , 0.        ,
       0.54112554, 0.54112554, 0.80014225, 0.        , 0.        ,
       0.        ]), array([0., 0., 0., 0., 0., 0., 0., 0., 0., 0., 0., 0.]), array([0.        , 0.        , 0.        , 0.96068578, 0.96068578,
       0.        , 0.42291643, 0.42291643, 0.42291643, 0.        ,
       0.        , 0.        ]), array([0.78947368, 0.        , 0.        , 0.        , 0.        ,
       0.        , 0.        , 0.        , 0.69135044, 0.69135044,
       0.69135044, 0.86705202, 0.86705202, 0.        , 0.        ,
       0.        , 0.        , 0.        , 0.        , 0.        ,
       0.        , 0.        ]), array([0.        , 0.        , 0.        , 0.        , 0.        ,
       0.        , 0.        , 1.03331663, 1.03331663])], a: [4 0 1 1 0 1 1 3 0 4 1 0 3 1 1 3 1 2 0 1 1 0 2 2 1 3 4 2], pi: [array([0.0555692 , 0.24756408, 0.09781416, 0.52609205, 0.03793438,
       0.03502616], dtype=float32), array([0.8857533 , 0.07761645, 0.03402604, 0.00260412], dtype=float32), array([0.1153001 , 0.88469994], dtype=float32), array([0.51438355, 0.48561642], dtype=float32), array([0.1495227, 0.8504773], dtype=float32), array([0.07746282, 0.555707  , 0.22302781, 0.14380242], dtype=float32), array([0.6506446, 0.3493554], dtype=float32), array([0.02097506, 0.02180441, 0.07794357, 0.87927693], dtype=float32), array([0.8411375 , 0.15886247], dtype=float32), array([0.29339966, 0.5550496 , 0.03681576, 0.03508789, 0.07964708],
      dtype=float32), array([0.78846294, 0.21153703], dtype=float32), array([0.617446  , 0.38255402], dtype=float32), array([0.10746043, 0.48247287, 0.01729558, 0.3927711 ], dtype=float32), array([0.22273861, 0.77726144], dtype=float32), array([0.8420187 , 0.15798125], dtype=float32), array([0.05928584, 0.05168467, 0.11897898, 0.77005047], dtype=float32), array([0.5695306, 0.4304694], dtype=float32), array([0.00782607, 0.00424448, 0.98792946], dtype=float32), array([0.82231724, 0.10310107, 0.01183809, 0.02351164, 0.01047896,
       0.0287528 ], dtype=float32), array([0.01240117, 0.88478094, 0.10281797], dtype=float32), array([0.02745816, 0.9725418 ], dtype=float32), array([0.25045237, 0.25172728, 0.23709705, 0.26072326], dtype=float32), array([0.1710297 , 0.05593429, 0.513331  , 0.259705  ], dtype=float32), array([0.01001156, 0.0152594 , 0.9723394 , 0.00238959], dtype=float32), array([0.46768785, 0.3479375 , 0.08812375, 0.096251  ], dtype=float32), array([0.17071162, 0.0020834 , 0.05485807, 0.7723469 ], dtype=float32), array([0.03238505, 0.05322021, 0.17697917, 0.09247768, 0.494602  ,
       0.15033592], dtype=float32), array([0.08120166, 0.4574547 , 0.46134365], dtype=float32)], r: -565.00, train r: -20.18, done: False
2024-05-20 20:48:51,326 [INFO] Training: global step 110000, episode step 560,
                                   ob: [array([0.97582132, 0.97582132, 0.08131844, 0.08131844, 0.21242447,
       0.21242447, 0.21242447, 0.        , 0.        , 0.19815059,
       0.19815059, 0.        , 0.        , 0.        ]), array([0.08416564, 0.08416564, 0.08416564, 0.40182159, 0.40182159,
       0.40182159, 0.99381625, 0.99381625, 0.99381625, 0.        ,
       0.        , 0.        ]), array([1.00283152, 1.00283152, 0.94677046, 0.94677046, 0.        ,
       0.        ]), array([0., 0., 0.]), array([1.07604017, 1.07604017, 0.97613883, 0.97613883, 0.52533271,
       0.52533271]), array([0., 0., 0., 0., 0., 0., 0., 0., 0., 0., 0., 0.]), array([0.98325938, 0.98325938, 0.        , 0.        , 0.        ]), array([0.92975207, 0.92975207, 0.92975207, 0.26801668, 0.26801668,
       0.26801668, 0.97276265, 0.97276265, 0.97276265, 0.18216042,
       0.18216042, 0.18216042]), array([0.22699758, 0.22699758, 0.35007468, 0.35007468, 0.98325938,
       0.98325938]), array([0.26891359, 0.26891359, 0.26891359, 0.        , 0.        ,
       0.98184674, 0.98184674, 0.98184674, 0.98184674, 0.        ,
       0.        , 0.17286417, 0.17286417, 0.17286417, 1.40537164,
       1.40537164, 1.40537164, 1.40537164]), array([0.99946695, 0.19989339, 0.        , 0.        , 0.06215298,
       0.06215298]), array([1.04570101, 0.97150259]), array([0.31914894, 0.31914894, 0.31914894, 0.98167539, 0.98167539,
       0.98167539, 0.25614754, 0.25614754, 0.25614754, 0.        ,
       0.        , 0.        ]), array([0.        , 0.        , 0.        , 0.        , 0.95846645,
       0.95846645]), array([0.45358331, 0.45358331, 0.        , 0.8955818 ]), array([0.        , 0.        , 0.        , 0.61791967, 0.61791967,
       0.61791967, 0.        , 0.        , 0.        , 0.        ,
       0.        , 0.        ]), array([1.08381503, 1.08381503, 0.        , 0.        , 0.        ,
       0.        ]), array([1.04895105, 1.04895105, 1.04895105, 0.        , 0.        ,
       0.        , 0.38279954, 0.38279954, 0.38279954]), array([0.88897669, 0.88897669, 0.88897669, 0.88897669, 0.9603073 ,
       0.9603073 , 0.9603073 , 0.        , 0.        , 0.        ,
       0.        , 0.62361419, 0.62361419, 0.62361419]), array([0.9491268 , 0.9491268 , 0.        , 0.        , 0.95858896,
       0.95858896]), array([0.69039583, 0.69039583, 0.        ]), array([0., 0., 0., 0., 0., 0., 0., 0., 0., 0., 0., 0.]), array([0.17107664, 0.17107664, 0.17107664, 0.        , 0.        ,
       0.        , 1.00925147, 1.00925147, 1.00925147, 0.        ,
       0.        , 0.        ]), array([0.96312603, 0.4127683 , 0.4127683 , 0.        , 0.        ,
       1.08225108, 1.08225108, 1.06685633, 0.        , 0.        ,
       0.        ]), array([0., 0., 0., 0., 0., 0., 0., 0., 0., 0., 0., 0.]), array([0.        , 0.        , 0.        , 0.96068578, 0.96068578,
       0.        , 0.16916657, 0.16916657, 0.16916657, 0.        ,
       0.        , 0.        ]), array([0.78947368, 0.        , 0.        , 0.        , 0.        ,
       0.        , 0.        , 0.        , 0.23045015, 0.23045015,
       0.23045015, 0.63058329, 0.63058329, 0.        , 0.        ,
       0.        , 0.        , 0.        , 0.        , 0.        ,
       0.        , 0.        ]), array([0.        , 0.        , 0.        , 0.        , 0.        ,
       0.        , 0.        , 1.03331663, 1.03331663])], a: [3 0 1 0 1 1 1 3 1 1 0 0 3 1 0 3 0 2 0 2 1 1 0 2 0 0 4 2], pi: [array([0.05528023, 0.12814565, 0.08994147, 0.6422566 , 0.04147627,
       0.04289973], dtype=float32), array([0.82938033, 0.15013686, 0.01780046, 0.00268246], dtype=float32), array([0.0648658, 0.9351342], dtype=float32), array([0.5182559 , 0.48174408], dtype=float32), array([0.03825811, 0.96174186], dtype=float32), array([0.0553993 , 0.5140923 , 0.35863787, 0.07187049], dtype=float32), array([0.8951358, 0.1048642], dtype=float32), array([0.05621262, 0.03044124, 0.12695912, 0.7863871 ], dtype=float32), array([0.03818481, 0.96181524], dtype=float32), array([0.24288535, 0.6516644 , 0.03926178, 0.02231099, 0.04387751],
      dtype=float32), array([0.4716106 , 0.52838945], dtype=float32), array([0.62813956, 0.3718604 ], dtype=float32), array([0.09983563, 0.59279186, 0.01768105, 0.28969145], dtype=float32), array([0.32860756, 0.67139244], dtype=float32), array([0.40286812, 0.5971319 ], dtype=float32), array([0.01323762, 0.01259748, 0.02135637, 0.9528085 ], dtype=float32), array([0.45263058, 0.5473694 ], dtype=float32), array([0.00591711, 0.00302462, 0.99105835], dtype=float32), array([0.89082307, 0.0484279 , 0.00644985, 0.02937709, 0.01259302,
       0.01232901], dtype=float32), array([0.01572451, 0.8326471 , 0.15162836], dtype=float32), array([0.02775192, 0.9722481 ], dtype=float32), array([0.24870378, 0.25279686, 0.24235317, 0.25614622], dtype=float32), array([0.15873897, 0.03705416, 0.45001957, 0.35418722], dtype=float32), array([4.2267893e-03, 7.1098641e-03, 9.8783302e-01, 8.3026988e-04],
      dtype=float32), array([0.31212515, 0.31313965, 0.16907153, 0.20566367], dtype=float32), array([0.12775306, 0.00149405, 0.04320148, 0.8275514 ], dtype=float32), array([0.03128486, 0.09764179, 0.02900309, 0.60140425, 0.18144438,
       0.0592216 ], dtype=float32), array([0.04882032, 0.46877006, 0.48240966], dtype=float32)], r: -568.00, train r: -20.29, done: False
2024-05-20 20:59:58,023 [INFO] Training: global step 120000, episode step 480,
                                   ob: [array([0.97582132, 0.97582132, 0.        , 0.        , 0.4956571 ,
       0.4956571 , 0.4956571 , 0.        , 0.        , 0.0990753 ,
       0.0990753 , 0.        , 0.        , 0.        ]), array([0.        , 0.        , 0.        , 0.        , 0.        ,
       0.        , 0.99381625, 0.99381625, 0.99381625, 0.        ,
       0.        , 0.        ]), array([1.00283152, 1.00283152, 0.94677046, 0.94677046, 0.        ,
       0.        ]), array([0., 0., 0.]), array([1.07604017, 1.07604017, 0.97613883, 0.97613883, 0.52533271,
       0.52533271]), array([0., 0., 0., 0., 0., 0., 0., 0., 0., 0., 0., 0.]), array([0.98325938, 0.98325938, 0.        , 0.        , 0.        ]), array([0.92975207, 0.92975207, 0.92975207, 0.53603335, 0.53603335,
       0.53603335, 0.97276265, 0.97276265, 0.97276265, 0.50094116,
       0.50094116, 0.50094116]), array([0.90799031, 0.90799031, 0.98020911, 0.98020911, 0.98325938,
       0.98325938]), array([0.        , 0.        , 0.        , 0.        , 0.        ,
       0.98184674, 0.98184674, 0.98184674, 0.98184674, 0.        ,
       0.        , 0.        , 0.        , 0.        , 1.40537164,
       1.40537164, 1.40537164, 1.40537164]), array([0.99946695, 0.19989339, 0.        , 0.        , 0.3107649 ,
       0.3107649 ]), array([1.04570101, 0.97150259]), array([0.        , 0.        , 0.        , 0.98167539, 0.98167539,
       0.98167539, 0.        , 0.        , 0.        , 0.        ,
       0.        , 0.        ]), array([0.        , 0.        , 0.        , 0.        , 0.95846645,
       0.95846645]), array([0.        , 0.        , 0.        , 0.99509088]), array([0., 0., 0., 0., 0., 0., 0., 0., 0., 0., 0., 0.]), array([0.36127168, 0.36127168, 0.        , 0.        , 0.        ,
       0.        ]), array([1.04895105, 1.04895105, 1.04895105, 0.        , 0.        ,
       0.        , 0.47849943, 0.47849943, 0.47849943]), array([1.18530225, 1.18530225, 0.88897669, 0.88897669, 0.9603073 ,
       0.9603073 , 0.9603073 , 0.        , 0.        , 0.        ,
       0.        , 0.62361419, 0.62361419, 0.62361419]), array([0.9491268 , 0.9491268 , 1.0215664 , 1.0215664 , 0.95858896,
       0.95858896]), array([0., 0., 0.]), array([0., 0., 0., 0., 0., 0., 0., 0., 0., 0., 0., 0.]), array([0.        , 0.        , 0.        , 0.        , 0.        ,
       0.        , 1.00925147, 1.00925147, 1.00925147, 0.        ,
       0.        , 0.        ]), array([0.96312603, 0.        , 0.        , 0.        , 0.        ,
       0.63131313, 0.63131313, 1.06685633, 0.        , 0.        ,
       0.        ]), array([0., 0., 0., 0., 0., 0., 0., 0., 0., 0., 0., 0.]), array([0.        , 0.        , 0.        , 0.96068578, 0.96068578,
       0.        , 0.08458329, 0.08458329, 0.08458329, 0.        ,
       0.        , 0.        ]), array([0.78947368, 0.        , 0.        , 0.        , 0.        ,
       0.60994206, 0.60994206, 0.        , 0.11522507, 0.11522507,
       0.11522507, 0.55176038, 0.55176038, 0.        , 0.        ,
       0.12575453, 0.12575453, 0.12575453, 0.        , 0.        ,
       0.        , 0.        ]), array([0.        , 0.        , 0.        , 0.        , 0.11217469,
       0.11217469, 0.        , 1.03331663, 1.03331663])], a: [2 1 1 0 1 1 0 3 1 1 0 1 0 1 0 3 0 2 0 1 1 0 1 2 0 3 3 1], pi: [array([0.09205906, 0.06192546, 0.08023638, 0.69566756, 0.04105653,
       0.02905505], dtype=float32), array([0.916002  , 0.07376731, 0.00633941, 0.00389136], dtype=float32), array([0.0776393, 0.9223607], dtype=float32), array([0.5137789 , 0.48622108], dtype=float32), array([0.02068853, 0.9793115 ], dtype=float32), array([0.02497165, 0.87112284, 0.07648763, 0.02741793], dtype=float32), array([0.74414575, 0.25585425], dtype=float32), array([0.01022678, 0.01973966, 0.02304693, 0.9469866 ], dtype=float32), array([0.4509351, 0.549065 ], dtype=float32), array([0.1195313 , 0.8022682 , 0.02537369, 0.01090715, 0.04191964],
      dtype=float32), array([0.85454094, 0.14545903], dtype=float32), array([0.6790412, 0.3209588], dtype=float32), array([0.25570646, 0.51441145, 0.01823917, 0.21164288], dtype=float32), array([0.38954368, 0.6104563 ], dtype=float32), array([0.783535  , 0.21646503], dtype=float32), array([0.02037877, 0.01342033, 0.02861543, 0.9375855 ], dtype=float32), array([0.5641925 , 0.43580756], dtype=float32), array([0.01188982, 0.00570414, 0.982406  ], dtype=float32), array([0.97756064, 0.00945517, 0.00368964, 0.00372264, 0.00307008,
       0.00250185], dtype=float32), array([0.01867044, 0.81019276, 0.17113677], dtype=float32), array([0.03703909, 0.96296096], dtype=float32), array([0.24778084, 0.2528204 , 0.24631841, 0.2530803 ], dtype=float32), array([0.44267085, 0.02591202, 0.48076534, 0.05065181], dtype=float32), array([4.3135802e-03, 9.2304125e-03, 9.8576766e-01, 6.8825710e-04],
      dtype=float32), array([0.4986247 , 0.23849052, 0.14453782, 0.11834687], dtype=float32), array([0.03722323, 0.00203272, 0.01934461, 0.94139946], dtype=float32), array([0.05220466, 0.03474045, 0.01952836, 0.80055165, 0.04322198,
       0.04975286], dtype=float32), array([0.0632681, 0.4579751, 0.4787568], dtype=float32)], r: -582.00, train r: -20.79, done: False
2024-05-20 21:11:06,284 [INFO] Training: global step 130000, episode step 400,
                                   ob: [array([0.97582132, 0.97582132, 0.        , 0.        , 0.9913142 ,
       0.9913142 , 0.9913142 , 0.        , 0.        , 0.        ,
       0.        , 0.        , 0.        , 0.        ]), array([0.        , 0.        , 0.        , 0.        , 0.        ,
       0.        , 0.        , 0.        , 0.        , 0.10106455,
       0.10106455, 0.10106455]), array([1.00283152, 1.00283152, 0.94677046, 0.94677046, 0.        ,
       0.        ]), array([0., 0., 0.]), array([1.07604017, 1.07604017, 0.97613883, 0.97613883, 0.35022181,
       0.35022181]), array([0.72815534, 0.72815534, 0.72815534, 0.        , 0.        ,
       0.        , 0.        , 0.        , 0.        , 0.        ,
       0.        , 0.        ]), array([0., 0., 0., 0., 0.]), array([0.92975207, 0.92975207, 0.92975207, 0.17867778, 0.17867778,
       0.17867778, 0.97276265, 0.97276265, 0.97276265, 0.13662032,
       0.13662032, 0.13662032]), array([0.45399516, 0.45399516, 1.05022405, 1.05022405, 0.98325938,
       0.98325938]), array([0.        , 0.        , 0.        , 0.        , 0.        ,
       0.98184674, 0.98184674, 0.98184674, 0.98184674, 0.        ,
       0.        , 0.        , 0.        , 0.        , 1.40537164,
       1.40537164, 1.40537164, 1.40537164]), array([0.99946695, 0.39978678, 0.        , 0.        , 0.06215298,
       0.06215298]), array([0.81332301, 0.64766839]), array([0.        , 0.        , 0.        , 0.28047868, 0.28047868,
       0.28047868, 0.06403689, 0.06403689, 0.06403689, 0.        ,
       0.        , 0.        ]), array([0.        , 0.        , 0.        , 0.        , 0.95846645,
       0.95846645]), array([0.45358331, 0.45358331, 0.        , 0.99509088]), array([0.        , 0.        , 0.        , 0.        , 0.        ,
       0.        , 0.        , 0.        , 0.        , 0.45815516,
       0.45815516, 0.45815516]), array([0.12042389, 0.12042389, 0.        , 0.        , 0.        ,
       0.        ]), array([0.83916084, 0.83916084, 0.83916084, 0.        , 0.        ,
       0.        , 0.38279954, 0.38279954, 0.38279954]), array([0.88897669, 0.88897669, 0.88897669, 0.88897669, 0.9603073 ,
       0.9603073 , 0.9603073 , 0.        , 0.        , 0.        ,
       0.        , 0.41574279, 0.41574279, 0.41574279]), array([0.09491268, 0.09491268, 1.0215664 , 1.0215664 , 0.95858896,
       0.95858896]), array([0.11506597, 0.11506597, 0.        ]), array([0., 0., 0., 0., 0., 0., 0., 0., 0., 0., 0., 0.]), array([0.        , 0.        , 0.        , 0.        , 0.        ,
       0.        , 1.00925147, 1.00925147, 1.00925147, 0.        ,
       0.        , 0.        ]), array([0.96312603, 0.        , 0.        , 0.        , 0.        ,
       0.9018759 , 0.9018759 , 0.80014225, 0.        , 0.        ,
       0.        ]), array([0., 0., 0., 0., 0., 0., 0., 0., 0., 0., 0., 0.]), array([0.26553372, 0.26553372, 0.        , 0.07389891, 0.07389891,
       0.        , 0.        , 0.        , 0.        , 0.        ,
       0.        , 0.        ]), array([0.        , 0.        , 0.        , 0.        , 0.        ,
       0.5336993 , 0.5336993 , 0.        , 0.23045015, 0.23045015,
       0.23045015, 0.07882291, 0.07882291, 0.        , 0.        ,
       0.        , 0.        , 0.        , 0.        , 0.        ,
       0.        , 0.        ]), array([0.        , 0.        , 0.        , 0.        , 0.        ,
       0.        , 0.        , 1.03331663, 1.03331663])], a: [0 0 1 1 1 3 1 3 1 1 1 1 1 1 0 3 0 2 0 1 1 0 3 2 0 3 3 2], pi: [array([0.7485438 , 0.06191583, 0.06919111, 0.04832064, 0.0368743 ,
       0.03515433], dtype=float32), array([0.8930609 , 0.09739962, 0.0071789 , 0.00236052], dtype=float32), array([0.05378748, 0.9462125 ], dtype=float32), array([0.534744  , 0.46525595], dtype=float32), array([0.08649204, 0.91350794], dtype=float32), array([0.02939461, 0.73261434, 0.19060367, 0.0473874 ], dtype=float32), array([0.44770348, 0.55229646], dtype=float32), array([0.01270862, 0.01911188, 0.02023301, 0.9479465 ], dtype=float32), array([0.16308166, 0.8369183 ], dtype=float32), array([0.43501228, 0.4930943 , 0.03177721, 0.00546108, 0.03465508],
      dtype=float32), array([0.93669087, 0.06330914], dtype=float32), array([0.6669044, 0.3330956], dtype=float32), array([0.26505256, 0.62840945, 0.01373433, 0.09280369], dtype=float32), array([0.25546396, 0.74453604], dtype=float32), array([0.93114656, 0.06885347], dtype=float32), array([0.01224447, 0.00866462, 0.02163788, 0.957453  ], dtype=float32), array([0.47268882, 0.52731115], dtype=float32), array([0.00959607, 0.00351644, 0.9868875 ], dtype=float32), array([0.9628175 , 0.01379123, 0.00333891, 0.00725784, 0.00575988,
       0.00703479], dtype=float32), array([0.01139877, 0.9645729 , 0.02402827], dtype=float32), array([0.05387817, 0.9461219 ], dtype=float32), array([0.25029147, 0.2649653 , 0.22781996, 0.25692332], dtype=float32), array([0.14770256, 0.03731155, 0.7644644 , 0.05052148], dtype=float32), array([1.4825359e-03, 3.3787652e-03, 9.9466527e-01, 4.7342008e-04],
      dtype=float32), array([0.6768043 , 0.12545964, 0.09914429, 0.09859166], dtype=float32), array([0.04902998, 0.00398697, 0.03173657, 0.91524655], dtype=float32), array([0.04706391, 0.02507437, 0.01570198, 0.75627756, 0.04388444,
       0.11199766], dtype=float32), array([0.04247058, 0.8030719 , 0.15445754], dtype=float32)], r: -462.00, train r: -16.50, done: False
2024-05-20 21:22:12,325 [INFO] Training: global step 140000, episode step 320,
                                   ob: [array([0.08131844, 0.08131844, 0.        , 0.        , 0.        ,
       0.        , 0.        , 0.        , 0.        , 0.        ,
       0.        , 0.        , 0.        , 0.        ]), array([0.        , 0.        , 0.        , 0.        , 0.        ,
       0.        , 0.        , 0.        , 0.        , 0.20212909,
       0.20212909, 0.20212909]), array([1.00283152, 1.00283152, 0.94677046, 0.94677046, 0.        ,
       0.        ]), array([0., 0., 0.]), array([0.80703013, 0.80703013, 0.97613883, 0.97613883, 0.35022181,
       0.35022181]), array([0.        , 0.        , 0.        , 0.        , 0.        ,
       0.        , 0.        , 0.        , 0.        , 0.10052272,
       0.10052272, 0.10052272]), array([0., 0., 0., 0., 0.]), array([0.77479339, 0.77479339, 0.77479339, 0.35735557, 0.35735557,
       0.35735557, 0.97276265, 0.97276265, 0.97276265, 0.04554011,
       0.04554011, 0.04554011]), array([0.68099274, 0.68099274, 1.05022405, 1.05022405, 0.75635337,
       0.75635337]), array([0.40337038, 0.40337038, 0.40337038, 0.        , 0.        ,
       0.98184674, 0.98184674, 0.98184674, 0.98184674, 0.05762139,
       0.05762139, 0.        , 0.        , 0.        , 1.40537164,
       1.40537164, 1.40537164, 1.40537164]), array([0.19989339, 0.79957356, 0.        , 0.        , 0.06215298,
       0.06215298]), array([0.        , 0.10794473]), array([0.31914894, 0.31914894, 0.31914894, 0.42071803, 0.42071803,
       0.42071803, 0.06403689, 0.06403689, 0.06403689, 0.        ,
       0.        , 0.        ]), array([0.        , 0.        , 0.        , 0.        , 0.95846645,
       0.95846645]), array([0.        , 0.        , 0.        , 0.09950909]), array([0., 0., 0., 0., 0., 0., 0., 0., 0., 0., 0., 0.]), array([0.12042389, 0.12042389, 0.        , 0.        , 0.        ,
       0.        ]), array([0.83916084, 0.83916084, 0.83916084, 0.        , 0.        ,
       0.        , 0.47849943, 0.47849943, 0.47849943]), array([0.88897669, 0.88897669, 0.59265113, 0.59265113, 0.9603073 ,
       0.9603073 , 0.9603073 , 0.        , 0.        , 0.        ,
       0.        , 0.62361419, 0.62361419, 0.62361419]), array([0.56947608, 0.56947608, 0.        , 0.        , 0.95858896,
       0.95858896]), array([0.46026388, 0.46026388, 0.        ]), array([0., 0., 0., 0., 0., 0., 0., 0., 0., 0., 0., 0.]), array([0.        , 0.        , 0.        , 0.        , 0.        ,
       0.        , 1.00925147, 1.00925147, 1.00925147, 0.        ,
       0.        , 0.        ]), array([0.68794717, 0.        , 0.        , 0.        , 0.        ,
       1.08225108, 1.08225108, 1.06685633, 0.1888693 , 0.1888693 ,
       0.        ]), array([0., 0., 0., 0., 0., 0., 0., 0., 0., 0., 0., 0.]), array([0.        , 0.        , 0.        , 0.81288797, 0.81288797,
       0.        , 0.        , 0.        , 0.        , 0.17981299,
       0.17981299, 0.17981299]), array([0.        , 0.        , 0.        , 0.        , 0.        ,
       0.07624276, 0.07624276, 0.        , 0.        , 0.        ,
       0.        , 0.        , 0.        , 0.        , 0.        ,
       0.        , 0.        , 0.        , 0.        , 0.        ,
       0.        , 0.        ]), array([0.        , 0.        , 0.        , 0.        , 0.05608735,
       0.05608735, 0.        , 0.09393788, 0.09393788])], a: [0 0 1 0 1 2 1 3 1 0 0 1 0 0 0 3 0 2 0 1 1 3 2 2 2 3 3 1], pi: [array([0.67818767, 0.05159419, 0.08644693, 0.11521345, 0.02624045,
       0.04231739], dtype=float32), array([0.9747273 , 0.0206369 , 0.00248952, 0.00214637], dtype=float32), array([0.03315665, 0.9668433 ], dtype=float32), array([0.54204506, 0.45795494], dtype=float32), array([0.06010833, 0.93989164], dtype=float32), array([0.02261012, 0.5748623 , 0.3300728 , 0.0724548 ], dtype=float32), array([0.34854808, 0.6514519 ], dtype=float32), array([0.01127689, 0.01920133, 0.01911619, 0.95040566], dtype=float32), array([0.04578912, 0.9542109 ], dtype=float32), array([0.34083793, 0.62015855, 0.01600135, 0.00759648, 0.01540579],
      dtype=float32), array([0.87942284, 0.12057716], dtype=float32), array([0.56983477, 0.4301652 ], dtype=float32), array([0.34123093, 0.5970323 , 0.01034934, 0.05138744], dtype=float32), array([0.3758531, 0.6241469], dtype=float32), array([0.5598393 , 0.44016063], dtype=float32), array([0.01222367, 0.00372687, 0.01078178, 0.97326773], dtype=float32), array([0.49286705, 0.50713295], dtype=float32), array([0.00618901, 0.00148263, 0.99232835], dtype=float32), array([0.9232874 , 0.01580346, 0.00476747, 0.01272613, 0.01688231,
       0.02653318], dtype=float32), array([0.01130193, 0.94491357, 0.04378449], dtype=float32), array([0.05629477, 0.9437052 ], dtype=float32), array([0.25325337, 0.26667613, 0.22879067, 0.25127983], dtype=float32), array([0.03427992, 0.0302119 , 0.92014414, 0.01536402], dtype=float32), array([2.0464635e-03, 1.6868348e-03, 9.9575436e-01, 5.1226787e-04],
      dtype=float32), array([0.8852953 , 0.03358991, 0.06719069, 0.01392417], dtype=float32), array([0.07060731, 0.00276825, 0.02772598, 0.8988985 ], dtype=float32), array([0.03926655, 0.01105538, 0.00917046, 0.8510011 , 0.03458139,
       0.05492502], dtype=float32), array([0.04181373, 0.64553225, 0.31265405], dtype=float32)], r: -371.00, train r: -13.25, done: False
